TN:
SF:c:\Users\HP\Development\freelance\radio-app-concept\app\build\outputs\dexcount\debugChart\chart-builder.js
FN:45,(anonymous_0)
FN:50,(anonymous_1)
FN:53,(anonymous_2)
FN:56,(anonymous_3)
FN:59,(anonymous_4)
FN:66,decorate
FN:87,createVisualization
FN:98,(anonymous_7)
FN:105,(anonymous_8)
FN:110,(anonymous_9)
FN:126,mouseover
FN:137,(anonymous_11)
FN:144,mouseleave
FN:156,(anonymous_13)
FN:163,getAncestors
FN:173,initializeBreadcrumbTrail
FN:186,breadcrumbPoints
FN:199,updateBreadcrumbs
FN:202,(anonymous_18)
FN:211,(anonymous_19)
FN:220,(anonymous_20)
FN:225,(anonymous_21)
FNF:22
FNH:0
FNDA:0,(anonymous_0)
FNDA:0,(anonymous_1)
FNDA:0,(anonymous_2)
FNDA:0,(anonymous_3)
FNDA:0,(anonymous_4)
FNDA:0,decorate
FNDA:0,createVisualization
FNDA:0,(anonymous_7)
FNDA:0,(anonymous_8)
FNDA:0,(anonymous_9)
FNDA:0,mouseover
FNDA:0,(anonymous_11)
FNDA:0,mouseleave
FNDA:0,(anonymous_13)
FNDA:0,getAncestors
FNDA:0,initializeBreadcrumbTrail
FNDA:0,breadcrumbPoints
FNDA:0,updateBreadcrumbs
FNDA:0,(anonymous_18)
FNDA:0,(anonymous_19)
FNDA:0,(anonymous_20)
FNDA:0,(anonymous_21)
DA:2,0
DA:3,0
DA:4,0
DA:7,0
DA:11,0
DA:34,0
DA:36,0
DA:43,0
DA:46,0
DA:49,0
DA:51,0
DA:54,0
DA:57,0
DA:60,0
DA:63,0
DA:64,0
DA:67,0
DA:68,0
DA:69,0
DA:70,0
DA:72,0
DA:73,0
DA:74,0
DA:76,0
DA:77,0
DA:78,0
DA:80,0
DA:81,0
DA:82,0
DA:89,0
DA:92,0
DA:97,0
DA:99,0
DA:102,0
DA:106,0
DA:111,0
DA:117,0
DA:120,0
DA:122,0
DA:127,0
DA:129,0
DA:130,0
DA:133,0
DA:136,0
DA:138,0
DA:146,0
DA:149,0
DA:152,0
DA:157,0
DA:159,0
DA:164,0
DA:165,0
DA:166,0
DA:167,0
DA:168,0
DA:170,0
DA:175,0
DA:180,0
DA:187,0
DA:188,0
DA:189,0
DA:190,0
DA:191,0
DA:192,0
DA:193,0
DA:194,0
DA:196,0
DA:200,0
DA:203,0
DA:207,0
DA:209,0
DA:212,0
DA:215,0
DA:221,0
DA:225,0
DA:226,0
DA:230,0
DA:233,0
DA:241,0
LF:79
LH:0
BRDA:69,0,0,0
BRDA:69,0,1,0
BRDA:73,1,0,0
BRDA:73,1,1,0
BRDA:78,2,0,0
BRDA:78,2,1,0
BRDA:79,3,0,0
BRDA:79,3,1,0
BRDA:80,4,0,0
BRDA:80,4,1,0
BRDA:106,5,0,0
BRDA:106,5,1,0
BRDA:193,6,0,0
BRDA:193,6,1,0
BRDA:221,7,0,0
BRDA:221,7,1,0
BRF:16
BRH:0
end_of_record
TN:
SF:c:\Users\HP\Development\freelance\radio-app-concept\app\build\outputs\dexcount\debugChart\d3.v3.min.js
FN:1,(anonymous_0)
FN:1,n
FN:1,t
FN:1,e
FN:1,r
FN:1,u
FN:1,i
FN:1,(anonymous_7)
FN:1,(anonymous_8)
FN:1,a
FN:1,o
FN:1,l
FN:1,c
FN:1,s
FN:1,f
FN:1,h
FN:1,g
FN:1,p
FN:1,v
FN:1,d
FN:1,m
FN:1,y
FN:1,M
FN:1,(anonymous_23)
FN:1,x
FN:1,b
FN:1,_
FN:1,w
FN:1,t
FN:1,(anonymous_29)
FN:1,S
FN:1,k
FN:1,N
FN:1,(anonymous_33)
FN:1,(anonymous_34)
FN:1,E
FN:1,A
FN:1,(anonymous_37)
FN:1,C
FN:1,(anonymous_39)
FN:1,z
FN:1,e
FN:1,r
FN:1,u
FN:1,i
FN:1,a
FN:1,o
FN:1,L
FN:1,q
FN:1,T
FN:1,R
FN:1,e
FN:1,r
FN:1,D
FN:1,(anonymous_54)
FN:1,P
FN:1,r
FN:1,u
FN:1,i
FN:1,U
FN:1,e
FN:1,r
FN:1,u
FN:1,j
FN:1,t
FN:1,e
FN:1,F
FN:1,H
FN:1,O
FN:1,(anonymous_69)
FN:1,I
FN:1,(anonymous_71)
FN:1,Y
FN:1,Z
FN:1,V
FN:1,(anonymous_75)
FN:1,X
FN:1,r
FN:1,u
FN:1,i
FN:1,$
FN:1,(anonymous_81)
FN:1,B
FN:1,(anonymous_83)
FN:1,W
FN:1,(anonymous_85)
FN:1,(anonymous_86)
FN:1,(anonymous_87)
FN:1,J
FN:1,G
FN:1,K
FN:1,Q
FN:1,nn
FN:1,tn
FN:1,en
FN:1,rn
FN:1,un
FN:1,an
FN:1,on
FN:1,ln
FN:1,cn
FN:1,r
FN:1,u
FN:1,sn
FN:1,fn
FN:1,hn
FN:1,gn
FN:1,pn
FN:1,vn
FN:1,dn
FN:1,mn
FN:1,yn
FN:1,Mn
FN:1,xn
FN:1,bn
FN:1,_n
FN:1,wn
FN:1,Sn
FN:1,kn
FN:1,Nn
FN:1,En
FN:1,(anonymous_121)
FN:1,An
FN:1,(anonymous_123)
FN:1,Cn
FN:1,u
FN:1,(anonymous_126)
FN:1,(anonymous_127)
FN:1,(anonymous_128)
FN:1,(anonymous_129)
FN:1,(anonymous_130)
FN:1,(anonymous_131)
FN:1,(anonymous_132)
FN:1,(anonymous_133)
FN:1,(anonymous_134)
FN:1,(anonymous_135)
FN:1,(anonymous_136)
FN:1,zn
FN:1,(anonymous_138)
FN:1,Ln
FN:1,qn
FN:1,Tn
FN:1,Rn
FN:1,Dn
FN:1,Pn
FN:1,Un
FN:1,(anonymous_146)
FN:1,(anonymous_147)
FN:1,jn
FN:1,(anonymous_149)
FN:1,(anonymous_150)
FN:1,(anonymous_151)
FN:1,Fn
FN:1,Hn
FN:1,On
FN:1,r
FN:1,u
FN:1,i
FN:1,a
FN:1,o
FN:1,In
FN:1,(anonymous_161)
FN:1,Yn
FN:1,t
FN:1,t
FN:1,(anonymous_165)
FN:1,(anonymous_166)
FN:1,e
FN:1,r
FN:1,u
FN:1,i
FN:1,a
FN:1,o
FN:1,l
FN:1,c
FN:1,s
FN:1,(anonymous_176)
FN:1,e
FN:1,(anonymous_178)
FN:1,(anonymous_179)
FN:1,(anonymous_180)
FN:1,(anonymous_181)
FN:1,(anonymous_182)
FN:1,(anonymous_183)
FN:1,(anonymous_184)
FN:1,(anonymous_185)
FN:1,(anonymous_186)
FN:1,(anonymous_187)
FN:1,(anonymous_188)
FN:1,(anonymous_189)
FN:1,(anonymous_190)
FN:1,(anonymous_191)
FN:1,(anonymous_192)
FN:1,(anonymous_193)
FN:1,(anonymous_194)
FN:1,(anonymous_195)
FN:1,(anonymous_196)
FN:1,(anonymous_197)
FN:1,(anonymous_198)
FN:1,(anonymous_199)
FN:1,Zn
FN:1,Vn
FN:1,Xn
FN:1,$n
FN:1,Bn
FN:1,Wn
FN:1,Jn
FN:1,Gn
FN:1,Kn
FN:1,Qn
FN:1,nt
FN:1,tt
FN:1,et
FN:1,rt
FN:1,ut
FN:1,it
FN:1,at
FN:1,ot
FN:1,lt
FN:1,ct
FN:1,(anonymous_220)
FN:1,st
FN:1,ft
FN:1,ht
FN:1,gt
FN:1,pt
FN:1,vt
FN:1,n
FN:1,(anonymous_228)
FN:1,(anonymous_229)
FN:1,dt
FN:1,mt
FN:1,yt
FN:1,Mt
FN:1,xt
FN:1,bt
FN:1,_t
FN:1,wt
FN:1,St
FN:1,kt
FN:1,Nt
FN:1,n
FN:1,(anonymous_242)
FN:1,Et
FN:1,At
FN:1,n
FN:1,(anonymous_246)
FN:1,(anonymous_247)
FN:1,Ct
FN:1,e
FN:1,(anonymous_250)
FN:1,zt
FN:1,Lt
FN:1,(anonymous_253)
FN:1,qt
FN:1,Tt
FN:1,Rt
FN:1,(anonymous_257)
FN:1,a
FN:1,o
FN:1,l
FN:1,c
FN:1,s
FN:1,f
FN:1,h
FN:1,(anonymous_265)
FN:1,(anonymous_266)
FN:1,(anonymous_267)
FN:1,Dt
FN:1,Pt
FN:1,(anonymous_270)
FN:1,(anonymous_271)
FN:1,(anonymous_272)
FN:1,(anonymous_273)
FN:1,Ut
FN:1,jt
FN:1,(anonymous_276)
FN:1,(anonymous_277)
FN:1,(anonymous_278)
FN:1,(anonymous_279)
FN:1,Ft
FN:1,Ht
FN:1,Ot
FN:1,It
FN:1,t
FN:1,e
FN:1,(anonymous_286)
FN:1,(anonymous_287)
FN:1,(anonymous_288)
FN:1,(anonymous_289)
FN:1,r
FN:1,u
FN:1,Yt
FN:1,(anonymous_293)
FN:1,Zt
FN:1,u
FN:1,i
FN:1,a
FN:1,(anonymous_298)
FN:1,l
FN:1,c
FN:1,s
FN:1,f
FN:1,h
FN:1,g
FN:1,p
FN:1,(anonymous_306)
FN:1,(anonymous_307)
FN:1,Vt
FN:1,(anonymous_309)
FN:1,Xt
FN:1,e
FN:1,(anonymous_312)
FN:1,$t
FN:1,n
FN:1,(anonymous_315)
FN:1,(anonymous_316)
FN:1,Bt
FN:1,Wt
FN:1,n
FN:1,t
FN:1,e
FN:1,r
FN:1,u
FN:1,(anonymous_324)
FN:1,(anonymous_325)
FN:1,(anonymous_326)
FN:1,(anonymous_327)
FN:1,(anonymous_328)
FN:1,Jt
FN:1,Gt
FN:1,Kt
FN:1,n
FN:1,(anonymous_333)
FN:1,Qt
FN:1,ne
FN:1,n
FN:1,(anonymous_337)
FN:1,(anonymous_338)
FN:1,te
FN:1,t
FN:1,e
FN:1,r
FN:1,u
FN:1,i
FN:1,(anonymous_345)
FN:1,(anonymous_346)
FN:1,(anonymous_347)
FN:1,(anonymous_348)
FN:1,ee
FN:1,t
FN:1,e
FN:1,(anonymous_352)
FN:1,r
FN:1,e
FN:1,r
FN:1,i
FN:1,a
FN:1,l
FN:2,c
FN:2,s
FN:2,(anonymous_361)
FN:2,(anonymous_362)
FN:2,u
FN:2,(anonymous_364)
FN:2,re
FN:2,(anonymous_366)
FN:2,(anonymous_367)
FN:2,ue
FN:2,ie
FN:2,(anonymous_370)
FN:2,(anonymous_371)
FN:2,(anonymous_372)
FN:2,(anonymous_373)
FN:2,(anonymous_374)
FN:2,ae
FN:2,(anonymous_376)
FN:2,oe
FN:2,t
FN:2,e
FN:2,r
FN:2,u
FN:2,(anonymous_382)
FN:2,(anonymous_383)
FN:2,(anonymous_384)
FN:2,(anonymous_385)
FN:2,(anonymous_386)
FN:2,(anonymous_387)
FN:2,(anonymous_388)
FN:2,(anonymous_389)
FN:2,(anonymous_390)
FN:2,le
FN:2,(anonymous_392)
FN:2,ce
FN:2,se
FN:2,fe
FN:2,he
FN:2,(anonymous_397)
FN:2,ge
FN:2,pe
FN:2,e
FN:2,(anonymous_401)
FN:2,ve
FN:2,(anonymous_403)
FN:2,de
FN:2,me
FN:2,(anonymous_406)
FN:2,(anonymous_407)
FN:2,ye
FN:2,(anonymous_409)
FN:2,(anonymous_410)
FN:2,Me
FN:2,xe
FN:2,be
FN:2,(anonymous_414)
FN:2,(anonymous_415)
FN:2,_e
FN:2,n
FN:2,(anonymous_418)
FN:2,(anonymous_419)
FN:2,we
FN:2,e
FN:2,(anonymous_422)
FN:2,Se
FN:2,e
FN:2,(anonymous_425)
FN:2,(anonymous_426)
FN:2,ke
FN:2,e
FN:2,(anonymous_429)
FN:2,Ne
FN:2,Ee
FN:2,(anonymous_432)
FN:2,(anonymous_433)
FN:2,(anonymous_434)
FN:2,Ae
FN:2,Ce
FN:2,ze
FN:2,Le
FN:2,qe
FN:2,Te
FN:2,Re
FN:2,De
FN:2,Pe
FN:2,Ue
FN:2,je
FN:2,Fe
FN:2,He
FN:2,Oe
FN:2,Ie
FN:2,Ye
FN:2,Ze
FN:2,Ve
FN:2,Xe
FN:2,$e
FN:2,Be
FN:2,We
FN:2,Je
FN:2,Ge
FN:2,Ke
FN:2,Qe
FN:2,nr
FN:2,tr
FN:2,er
FN:2,rr
FN:2,ur
FN:2,ir
FN:2,ar
FN:2,or
FN:2,lr
FN:2,cr
FN:2,sr
FN:2,fr
FN:2,hr
FN:2,gr
FN:2,pr
FN:2,c
FN:2,vr
FN:2,(anonymous_478)
FN:2,dr
FN:2,(anonymous_480)
FN:2,mr
FN:2,(anonymous_482)
FN:2,yr
FN:2,(anonymous_484)
FN:2,(anonymous_485)
FN:2,(anonymous_486)
FN:2,Mr
FN:2,xr
FN:2,(anonymous_489)
FN:2,br
FN:2,(anonymous_491)
FN:2,_r
FN:2,(anonymous_493)
FN:2,wr
FN:2,(anonymous_495)
FN:2,Sr
FN:2,kr
FN:2,Nr
FN:2,Er
FN:2,(anonymous_500)
FN:2,Ar
FN:2,Cr
FN:2,zr
FN:2,Lr
FN:2,(anonymous_505)
FN:2,qr
FN:2,(anonymous_507)
FN:2,Tr
FN:2,Rr
FN:2,(anonymous_510)
FN:2,Dr
FN:2,(anonymous_512)
FN:2,Pr
FN:2,(anonymous_514)
FN:2,Ur
FN:2,(anonymous_516)
FN:2,jr
FN:2,Fr
FN:2,Hr
FN:2,Or
FN:2,Ir
FN:2,Yr
FN:2,Zr
FN:2,Vr
FN:2,Xr
FN:2,$r
FN:2,(anonymous_527)
FN:2,Br
FN:2,(anonymous_529)
FN:2,Wr
FN:2,(anonymous_531)
FN:2,Jr
FN:2,Gr
FN:2,Kr
FN:2,Qr
FN:2,nu
FN:2,tu
FN:2,eu
FN:2,ru
FN:2,uu
FN:2,iu
FN:2,au
FN:2,ou
FN:2,lu
FN:2,cu
FN:2,su
FN:2,(anonymous_547)
FN:2,(anonymous_548)
FN:2,fu
FN:2,hu
FN:2,gu
FN:2,pu
FN:2,vu
FN:2,du
FN:2,mu
FN:2,yu
FN:2,Mu
FN:2,xu
FN:2,bu
FN:2,_u
FN:2,wu
FN:2,Su
FN:2,ku
FN:2,Nu
FN:2,t
FN:2,Eu
FN:2,Au
FN:2,Cu
FN:2,zu
FN:2,Lu
FN:2,qu
FN:2,Tu
FN:2,Ru
FN:2,Du
FN:2,Pu
FN:2,Uu
FN:2,(anonymous_577)
FN:2,ju
FN:2,(anonymous_579)
FN:2,Fu
FN:2,Hu
FN:2,Ou
FN:2,Iu
FN:2,Yu
FN:2,Zu
FN:2,Vu
FN:2,(anonymous_587)
FN:2,Xu
FN:2,$u
FN:2,(anonymous_590)
FN:2,(anonymous_591)
FN:2,Bu
FN:2,(anonymous_593)
FN:2,Wu
FN:2,u
FN:2,i
FN:2,(anonymous_597)
FN:2,(anonymous_598)
FN:2,(anonymous_599)
FN:2,(anonymous_600)
FN:2,(anonymous_601)
FN:2,(anonymous_602)
FN:2,(anonymous_603)
FN:2,(anonymous_604)
FN:2,(anonymous_605)
FN:2,(anonymous_606)
FN:2,Ju
FN:2,Gu
FN:2,Ku
FN:2,Qu
FN:2,ni
FN:2,(anonymous_612)
FN:2,ti
FN:2,ei
FN:2,ri
FN:2,u
FN:2,i
FN:2,a
FN:2,(anonymous_619)
FN:2,(anonymous_620)
FN:2,(anonymous_621)
FN:2,(anonymous_622)
FN:2,(anonymous_623)
FN:2,(anonymous_624)
FN:2,(anonymous_625)
FN:2,(anonymous_626)
FN:2,ui
FN:2,r
FN:2,(anonymous_629)
FN:2,(anonymous_630)
FN:2,(anonymous_631)
FN:2,(anonymous_632)
FN:2,(anonymous_633)
FN:2,(anonymous_634)
FN:2,(anonymous_635)
FN:2,ii
FN:2,(anonymous_637)
FN:2,ai
FN:2,e
FN:2,r
FN:2,(anonymous_641)
FN:2,(anonymous_642)
FN:2,(anonymous_643)
FN:2,(anonymous_644)
FN:2,(anonymous_645)
FN:2,(anonymous_646)
FN:2,(anonymous_647)
FN:2,(anonymous_648)
FN:2,(anonymous_649)
FN:2,(anonymous_650)
FN:2,oi
FN:2,i
FN:2,a
FN:2,(anonymous_654)
FN:2,(anonymous_655)
FN:2,(anonymous_656)
FN:2,(anonymous_657)
FN:2,(anonymous_658)
FN:2,li
FN:2,r
FN:2,u
FN:2,(anonymous_662)
FN:2,(anonymous_663)
FN:2,(anonymous_664)
FN:2,(anonymous_665)
FN:2,ci
FN:2,e
FN:2,(anonymous_668)
FN:2,(anonymous_669)
FN:2,(anonymous_670)
FN:2,(anonymous_671)
FN:2,si
FN:2,t
FN:2,(anonymous_674)
FN:2,(anonymous_675)
FN:2,(anonymous_676)
FN:2,(anonymous_677)
FN:2,fi
FN:2,hi
FN:2,gi
FN:2,pi
FN:2,vi
FN:2,di
FN:2,mi
FN:2,yi
FN:2,Mi
FN:2,t
FN:2,a
FN:2,(anonymous_689)
FN:2,(anonymous_690)
FN:2,(anonymous_691)
FN:2,(anonymous_692)
FN:2,(anonymous_693)
FN:2,xi
FN:2,bi
FN:2,_i
FN:2,wi
FN:2,Si
FN:2,ki
FN:2,Ni
FN:2,Ei
FN:2,Ai
FN:2,Ci
FN:2,zi
FN:2,Li
FN:2,qi
FN:2,Ti
FN:2,Ri
FN:2,Di
FN:2,Pi
FN:2,Ui
FN:2,ji
FN:2,Fi
FN:2,Hi
FN:2,Oi
FN:2,t
FN:2,l
FN:3,(anonymous_718)
FN:3,(anonymous_719)
FN:3,(anonymous_720)
FN:3,(anonymous_721)
FN:3,(anonymous_722)
FN:3,(anonymous_723)
FN:3,(anonymous_724)
FN:3,(anonymous_725)
FN:3,(anonymous_726)
FN:3,Ii
FN:3,Yi
FN:3,Zi
FN:3,(anonymous_730)
FN:3,Vi
FN:3,Xi
FN:3,$i
FN:3,Bi
FN:3,(anonymous_735)
FN:3,Wi
FN:3,Ji
FN:3,(anonymous_738)
FN:3,(anonymous_739)
FN:3,Gi
FN:3,(anonymous_741)
FN:3,Ki
FN:3,Qi
FN:3,i
FN:3,a
FN:3,(anonymous_746)
FN:3,(anonymous_747)
FN:3,o
FN:3,na
FN:3,(anonymous_750)
FN:3,ta
FN:3,(anonymous_752)
FN:3,ea
FN:3,ra
FN:3,r
FN:3,u
FN:3,(anonymous_757)
FN:3,(anonymous_758)
FN:3,(anonymous_759)
FN:3,(anonymous_760)
FN:3,e
FN:3,(anonymous_762)
FN:3,(anonymous_763)
FN:3,(anonymous_764)
FN:3,(anonymous_765)
FN:3,(anonymous_766)
FN:3,ua
FN:3,ia
FN:3,aa
FN:3,(anonymous_770)
FN:3,(anonymous_771)
FN:3,(anonymous_772)
FN:3,(anonymous_773)
FN:3,(anonymous_774)
FN:3,(anonymous_775)
FN:3,(anonymous_776)
FN:3,(anonymous_777)
FN:3,(anonymous_778)
FN:3,(anonymous_779)
FN:3,(anonymous_780)
FN:3,(anonymous_781)
FN:3,(anonymous_782)
FN:3,(anonymous_783)
FN:3,(anonymous_784)
FN:3,(anonymous_785)
FN:3,(anonymous_786)
FN:3,(anonymous_787)
FN:3,(anonymous_788)
FN:3,(anonymous_789)
FN:3,(anonymous_790)
FN:3,(anonymous_791)
FN:3,(anonymous_792)
FN:3,(anonymous_793)
FN:3,(anonymous_794)
FN:3,(anonymous_795)
FN:3,(anonymous_796)
FN:3,(anonymous_797)
FN:3,(anonymous_798)
FN:3,(anonymous_799)
FN:3,(anonymous_800)
FN:3,(anonymous_801)
FN:3,(anonymous_802)
FN:3,(anonymous_803)
FN:3,(anonymous_804)
FN:3,(anonymous_805)
FN:3,n
FN:3,(anonymous_807)
FN:3,(anonymous_808)
FN:3,t
FN:3,(anonymous_810)
FN:3,(anonymous_811)
FN:3,(anonymous_812)
FN:3,(anonymous_813)
FN:3,(anonymous_814)
FN:3,(anonymous_815)
FN:3,(anonymous_816)
FN:3,(anonymous_817)
FN:3,(anonymous_818)
FN:3,(anonymous_819)
FN:3,(anonymous_820)
FN:3,(anonymous_821)
FN:3,(anonymous_822)
FN:3,(anonymous_823)
FN:3,(anonymous_824)
FN:3,(anonymous_825)
FN:3,(anonymous_826)
FN:3,(anonymous_827)
FN:3,(anonymous_828)
FN:3,(anonymous_829)
FN:3,(anonymous_830)
FN:3,(anonymous_831)
FN:3,(anonymous_832)
FN:3,(anonymous_833)
FN:3,(anonymous_834)
FN:3,(anonymous_835)
FN:3,(anonymous_836)
FN:3,(anonymous_837)
FN:3,(anonymous_838)
FN:3,(anonymous_839)
FN:3,(anonymous_840)
FN:3,(anonymous_841)
FN:3,(anonymous_842)
FN:3,(anonymous_843)
FN:3,(anonymous_844)
FN:3,(anonymous_845)
FN:3,(anonymous_846)
FN:3,(anonymous_847)
FN:3,(anonymous_848)
FN:3,(anonymous_849)
FN:3,(anonymous_850)
FN:3,(anonymous_851)
FN:3,(anonymous_852)
FN:3,(anonymous_853)
FN:3,e
FN:3,(anonymous_855)
FN:3,(anonymous_856)
FN:3,(anonymous_857)
FN:3,(anonymous_858)
FN:3,(anonymous_859)
FN:3,(anonymous_860)
FN:3,(anonymous_861)
FN:3,(anonymous_862)
FN:3,(anonymous_863)
FN:3,(anonymous_864)
FN:3,(anonymous_865)
FN:3,(anonymous_866)
FN:3,(anonymous_867)
FN:3,(anonymous_868)
FN:3,(anonymous_869)
FN:3,(anonymous_870)
FN:3,(anonymous_871)
FN:3,(anonymous_872)
FN:3,(anonymous_873)
FN:3,(anonymous_874)
FN:3,(anonymous_875)
FN:3,(anonymous_876)
FN:3,n
FN:3,e
FN:3,(anonymous_879)
FN:3,o
FN:3,l
FN:3,(anonymous_882)
FN:3,(anonymous_883)
FN:3,(anonymous_884)
FN:3,(anonymous_885)
FN:3,(anonymous_886)
FN:3,(anonymous_887)
FN:3,(anonymous_888)
FN:3,n
FN:3,e
FN:3,r
FN:3,u
FN:3,i
FN:3,a
FN:3,o
FN:3,(anonymous_896)
FN:3,(anonymous_897)
FN:3,l
FN:3,c
FN:3,s
FN:3,f
FN:3,n
FN:3,r
FN:3,h
FN:3,n
FN:3,(anonymous_906)
FN:3,t
FN:3,r
FN:3,o
FN:3,g
FN:3,(anonymous_911)
FN:3,p
FN:3,(anonymous_913)
FN:3,(anonymous_914)
FN:3,(anonymous_915)
FN:3,(anonymous_916)
FN:3,(anonymous_917)
FN:3,(anonymous_918)
FN:3,(anonymous_919)
FN:3,(anonymous_920)
FN:3,(anonymous_921)
FN:3,(anonymous_922)
FN:3,(anonymous_923)
FN:3,(anonymous_924)
FN:3,(anonymous_925)
FN:3,(anonymous_926)
FN:3,(anonymous_927)
FN:3,(anonymous_928)
FN:3,(anonymous_929)
FN:3,(anonymous_930)
FN:3,(anonymous_931)
FN:3,(anonymous_932)
FN:3,(anonymous_933)
FN:3,(anonymous_934)
FN:3,(anonymous_935)
FN:3,(anonymous_936)
FN:3,(anonymous_937)
FN:3,(anonymous_938)
FN:3,(anonymous_939)
FN:3,(anonymous_940)
FN:3,(anonymous_941)
FN:3,(anonymous_942)
FN:3,(anonymous_943)
FN:3,(anonymous_944)
FN:3,(anonymous_945)
FN:3,(anonymous_946)
FN:3,e
FN:3,(anonymous_948)
FN:3,r
FN:3,u
FN:3,(anonymous_951)
FN:3,i
FN:3,a
FN:3,(anonymous_954)
FN:3,(anonymous_955)
FN:3,(anonymous_956)
FN:3,(anonymous_957)
FN:3,(anonymous_958)
FN:3,e
FN:3,(anonymous_960)
FN:3,(anonymous_961)
FN:3,(anonymous_962)
FN:3,(anonymous_963)
FN:3,(anonymous_964)
FN:3,(anonymous_965)
FN:3,(anonymous_966)
FN:3,(anonymous_967)
FN:3,(anonymous_968)
FN:3,(anonymous_969)
FN:3,(anonymous_970)
FN:3,(anonymous_971)
FN:3,(anonymous_972)
FN:3,(anonymous_973)
FN:3,(anonymous_974)
FN:3,(anonymous_975)
FN:3,(anonymous_976)
FN:3,(anonymous_977)
FN:3,(anonymous_978)
FN:3,(anonymous_979)
FN:3,(anonymous_980)
FN:3,(anonymous_981)
FN:3,(anonymous_982)
FN:3,(anonymous_983)
FN:3,(anonymous_984)
FN:3,(anonymous_985)
FN:3,(anonymous_986)
FN:3,(anonymous_987)
FN:3,(anonymous_988)
FN:3,(anonymous_989)
FN:3,(anonymous_990)
FN:3,(anonymous_991)
FN:3,(anonymous_992)
FN:3,(anonymous_993)
FN:3,(anonymous_994)
FN:3,(anonymous_995)
FN:3,(anonymous_996)
FN:3,(anonymous_997)
FN:3,(anonymous_998)
FN:3,(anonymous_999)
FN:3,(anonymous_1000)
FN:3,(anonymous_1001)
FN:3,(anonymous_1002)
FN:3,(anonymous_1003)
FN:3,(anonymous_1004)
FN:3,(anonymous_1005)
FN:3,(anonymous_1006)
FN:3,(anonymous_1007)
FN:3,(anonymous_1008)
FN:3,(anonymous_1009)
FN:3,(anonymous_1010)
FN:3,(anonymous_1011)
FN:4,(anonymous_1012)
FN:4,(anonymous_1013)
FN:4,(anonymous_1014)
FN:4,(anonymous_1015)
FN:4,(anonymous_1016)
FN:4,(anonymous_1017)
FN:4,(anonymous_1018)
FN:4,(anonymous_1019)
FN:4,(anonymous_1020)
FN:4,(anonymous_1021)
FN:4,(anonymous_1022)
FN:4,(anonymous_1023)
FN:4,(anonymous_1024)
FN:4,(anonymous_1025)
FN:4,(anonymous_1026)
FN:4,(anonymous_1027)
FN:4,(anonymous_1028)
FN:4,(anonymous_1029)
FN:4,(anonymous_1030)
FN:4,n
FN:4,t
FN:4,e
FN:4,r
FN:4,u
FN:4,i
FN:4,a
FN:4,o
FN:4,l
FN:4,c
FN:4,(anonymous_1041)
FN:4,(anonymous_1042)
FN:4,(anonymous_1043)
FN:4,(anonymous_1044)
FN:4,(anonymous_1045)
FN:4,(anonymous_1046)
FN:4,(anonymous_1047)
FN:4,(anonymous_1048)
FN:4,(anonymous_1049)
FN:4,(anonymous_1050)
FN:4,(anonymous_1051)
FN:4,(anonymous_1052)
FN:4,n
FN:4,(anonymous_1054)
FN:4,(anonymous_1055)
FN:4,(anonymous_1056)
FN:4,(anonymous_1057)
FN:4,(anonymous_1058)
FN:4,(anonymous_1059)
FN:4,(anonymous_1060)
FN:4,(anonymous_1061)
FN:4,(anonymous_1062)
FN:4,(anonymous_1063)
FN:4,(anonymous_1064)
FN:4,(anonymous_1065)
FN:4,(anonymous_1066)
FN:4,(anonymous_1067)
FN:4,(anonymous_1068)
FN:4,(anonymous_1069)
FN:4,(anonymous_1070)
FN:4,n
FN:4,t
FN:4,(anonymous_1073)
FN:4,(anonymous_1074)
FN:4,(anonymous_1075)
FN:4,(anonymous_1076)
FN:4,(anonymous_1077)
FN:4,(anonymous_1078)
FN:4,(anonymous_1079)
FN:4,(anonymous_1080)
FN:4,(anonymous_1081)
FN:4,(anonymous_1082)
FN:4,(anonymous_1083)
FN:4,(anonymous_1084)
FN:4,(anonymous_1085)
FN:4,(anonymous_1086)
FN:4,(anonymous_1087)
FN:4,(anonymous_1088)
FN:4,t
FN:4,(anonymous_1090)
FN:4,(anonymous_1091)
FN:4,n
FN:4,(anonymous_1093)
FN:4,(anonymous_1094)
FN:4,(anonymous_1095)
FN:4,(anonymous_1096)
FN:4,(anonymous_1097)
FN:4,(anonymous_1098)
FN:4,n
FN:4,t
FN:4,(anonymous_1101)
FN:4,(anonymous_1102)
FN:4,(anonymous_1103)
FN:4,(anonymous_1104)
FN:4,(anonymous_1105)
FN:4,(anonymous_1106)
FN:4,(anonymous_1107)
FN:4,(anonymous_1108)
FN:4,(anonymous_1109)
FN:4,(anonymous_1110)
FN:4,(anonymous_1111)
FN:4,(anonymous_1112)
FN:4,(anonymous_1113)
FN:4,n
FN:4,(anonymous_1115)
FN:4,(anonymous_1116)
FN:4,(anonymous_1117)
FN:4,(anonymous_1118)
FN:4,(anonymous_1119)
FN:4,(anonymous_1120)
FN:4,(anonymous_1121)
FN:4,(anonymous_1122)
FN:4,(anonymous_1123)
FN:4,(anonymous_1124)
FN:4,(anonymous_1125)
FN:4,(anonymous_1126)
FN:4,(anonymous_1127)
FN:4,(anonymous_1128)
FN:4,(anonymous_1129)
FN:4,(anonymous_1130)
FN:4,(anonymous_1131)
FN:4,(anonymous_1132)
FN:4,(anonymous_1133)
FN:4,(anonymous_1134)
FN:4,(anonymous_1135)
FN:4,(anonymous_1136)
FN:4,(anonymous_1137)
FN:4,(anonymous_1138)
FN:4,(anonymous_1139)
FN:4,(anonymous_1140)
FN:4,(anonymous_1141)
FN:4,t
FN:4,(anonymous_1143)
FN:4,(anonymous_1144)
FN:4,(anonymous_1145)
FN:4,(anonymous_1146)
FN:4,(anonymous_1147)
FN:4,(anonymous_1148)
FN:4,(anonymous_1149)
FN:4,(anonymous_1150)
FN:4,(anonymous_1151)
FN:4,(anonymous_1152)
FN:4,(anonymous_1153)
FN:4,(anonymous_1154)
FN:4,t
FN:4,(anonymous_1156)
FN:4,(anonymous_1157)
FN:4,e
FN:4,(anonymous_1159)
FN:4,(anonymous_1160)
FN:4,(anonymous_1161)
FN:4,(anonymous_1162)
FN:4,(anonymous_1163)
FN:4,(anonymous_1164)
FN:4,(anonymous_1165)
FN:4,(anonymous_1166)
FN:4,(anonymous_1167)
FN:4,(anonymous_1168)
FN:4,(anonymous_1169)
FN:4,(anonymous_1170)
FN:4,i
FN:4,i
FN:4,c
FN:4,(anonymous_1174)
FN:4,(anonymous_1175)
FN:4,(anonymous_1176)
FN:4,(anonymous_1177)
FN:4,(anonymous_1178)
FN:4,(anonymous_1179)
FN:4,(anonymous_1180)
FN:4,(anonymous_1181)
FN:4,(anonymous_1182)
FN:4,(anonymous_1183)
FN:4,(anonymous_1184)
FN:4,(anonymous_1185)
FN:4,(anonymous_1186)
FN:4,(anonymous_1187)
FN:4,(anonymous_1188)
FN:4,(anonymous_1189)
FN:4,(anonymous_1190)
FN:4,(anonymous_1191)
FN:4,(anonymous_1192)
FN:4,(anonymous_1193)
FN:4,(anonymous_1194)
FN:4,(anonymous_1195)
FN:4,(anonymous_1196)
FN:4,n
FN:4,(anonymous_1198)
FN:4,(anonymous_1199)
FN:4,(anonymous_1200)
FN:4,t
FN:4,(anonymous_1202)
FN:4,(anonymous_1203)
FN:4,(anonymous_1204)
FN:4,(anonymous_1205)
FN:4,(anonymous_1206)
FN:4,(anonymous_1207)
FN:4,(anonymous_1208)
FN:4,(anonymous_1209)
FN:4,(anonymous_1210)
FN:4,n
FN:4,(anonymous_1212)
FN:4,t
FN:4,(anonymous_1214)
FN:4,(anonymous_1215)
FN:4,(anonymous_1216)
FN:4,(anonymous_1217)
FN:4,(anonymous_1218)
FN:4,(anonymous_1219)
FN:4,(anonymous_1220)
FN:4,(anonymous_1221)
FN:4,(anonymous_1222)
FN:4,(anonymous_1223)
FN:4,(anonymous_1224)
FN:4,(anonymous_1225)
FN:4,(anonymous_1226)
FN:4,n
FN:4,(anonymous_1228)
FN:4,(anonymous_1229)
FN:4,(anonymous_1230)
FN:4,(anonymous_1231)
FN:4,n
FN:4,(anonymous_1233)
FN:4,(anonymous_1234)
FN:4,(anonymous_1235)
FN:4,(anonymous_1236)
FN:4,(anonymous_1237)
FN:4,(anonymous_1238)
FN:4,(anonymous_1239)
FN:4,(anonymous_1240)
FN:4,n
FN:4,t
FN:4,e
FN:4,(anonymous_1244)
FN:4,(anonymous_1245)
FN:4,n
FN:4,(anonymous_1247)
FN:4,(anonymous_1248)
FN:4,(anonymous_1249)
FN:4,(anonymous_1250)
FN:4,(anonymous_1251)
FN:4,(anonymous_1252)
FN:4,(anonymous_1253)
FN:4,(anonymous_1254)
FN:4,(anonymous_1255)
FN:4,(anonymous_1256)
FN:4,n
FN:4,(anonymous_1258)
FN:4,(anonymous_1259)
FN:4,(anonymous_1260)
FN:4,(anonymous_1261)
FN:4,(anonymous_1262)
FN:4,(anonymous_1263)
FN:4,(anonymous_1264)
FN:4,(anonymous_1265)
FN:4,(anonymous_1266)
FN:4,(anonymous_1267)
FN:4,(anonymous_1268)
FN:4,(anonymous_1269)
FN:4,(anonymous_1270)
FN:4,(anonymous_1271)
FN:4,(anonymous_1272)
FN:4,(anonymous_1273)
FN:4,n
FN:4,(anonymous_1275)
FN:4,(anonymous_1276)
FN:4,(anonymous_1277)
FN:4,(anonymous_1278)
FN:4,(anonymous_1279)
FN:4,(anonymous_1280)
FN:4,n
FN:4,(anonymous_1282)
FN:4,(anonymous_1283)
FN:4,(anonymous_1284)
FN:4,(anonymous_1285)
FN:4,(anonymous_1286)
FN:4,(anonymous_1287)
FN:4,(anonymous_1288)
FN:4,(anonymous_1289)
FN:4,n
FN:4,(anonymous_1291)
FN:4,(anonymous_1292)
FN:4,t
FN:4,e
FN:4,r
FN:4,u
FN:4,i
FN:4,(anonymous_1298)
FN:4,(anonymous_1299)
FN:4,(anonymous_1300)
FN:4,(anonymous_1301)
FN:4,n
FN:4,(anonymous_1303)
FN:4,(anonymous_1304)
FN:4,(anonymous_1305)
FN:4,(anonymous_1306)
FN:4,(anonymous_1307)
FN:4,(anonymous_1308)
FN:4,(anonymous_1309)
FN:4,n
FN:4,t
FN:4,e
FN:4,r
FN:4,u
FN:5,i
FN:5,(anonymous_1316)
FN:5,(anonymous_1317)
FN:5,t
FN:5,e
FN:5,(anonymous_1320)
FN:5,(anonymous_1321)
FN:5,(anonymous_1322)
FN:5,(anonymous_1323)
FN:5,(anonymous_1324)
FN:5,(anonymous_1325)
FN:5,(anonymous_1326)
FN:5,(anonymous_1327)
FN:5,(anonymous_1328)
FN:5,(anonymous_1329)
FN:5,(anonymous_1330)
FN:5,(anonymous_1331)
FN:5,(anonymous_1332)
FN:5,(anonymous_1333)
FN:5,(anonymous_1334)
FN:5,(anonymous_1335)
FN:5,(anonymous_1336)
FN:5,(anonymous_1337)
FN:5,(anonymous_1338)
FN:5,(anonymous_1339)
FN:5,(anonymous_1340)
FN:5,(anonymous_1341)
FN:5,(anonymous_1342)
FN:5,(anonymous_1343)
FN:5,(anonymous_1344)
FN:5,(anonymous_1345)
FN:5,(anonymous_1346)
FN:5,(anonymous_1347)
FN:5,n
FN:5,t
FN:5,(anonymous_1350)
FN:5,(anonymous_1351)
FN:5,(anonymous_1352)
FN:5,(anonymous_1353)
FN:5,(anonymous_1354)
FN:5,(anonymous_1355)
FN:5,(anonymous_1356)
FN:5,(anonymous_1357)
FN:5,(anonymous_1358)
FN:5,(anonymous_1359)
FN:5,(anonymous_1360)
FN:5,(anonymous_1361)
FN:5,(anonymous_1362)
FN:5,(anonymous_1363)
FN:5,n
FN:5,t
FN:5,e
FN:5,r
FN:5,u
FN:5,(anonymous_1369)
FN:5,(anonymous_1370)
FN:5,(anonymous_1371)
FN:5,(anonymous_1372)
FN:5,(anonymous_1373)
FN:5,(anonymous_1374)
FN:5,n
FN:5,(anonymous_1376)
FN:5,(anonymous_1377)
FN:5,(anonymous_1378)
FN:5,(anonymous_1379)
FN:5,(anonymous_1380)
FN:5,(anonymous_1381)
FN:5,n
FN:5,(anonymous_1383)
FN:5,(anonymous_1384)
FN:5,(anonymous_1385)
FN:5,(anonymous_1386)
FN:5,(anonymous_1387)
FN:5,(anonymous_1388)
FN:5,(anonymous_1389)
FN:5,(anonymous_1390)
FN:5,(anonymous_1391)
FN:5,(anonymous_1392)
FN:5,(anonymous_1393)
FN:5,(anonymous_1394)
FN:5,(anonymous_1395)
FN:5,(anonymous_1396)
FN:5,(anonymous_1397)
FN:5,(anonymous_1398)
FN:5,(anonymous_1399)
FN:5,e
FN:5,r
FN:5,u
FN:5,(anonymous_1403)
FN:5,(anonymous_1404)
FN:5,i
FN:5,(anonymous_1406)
FN:5,(anonymous_1407)
FN:5,(anonymous_1408)
FN:5,e
FN:5,(anonymous_1410)
FN:5,r
FN:5,(anonymous_1412)
FN:5,(anonymous_1413)
FN:5,u
FN:5,i
FN:5,(anonymous_1416)
FN:5,(anonymous_1417)
FN:5,(anonymous_1418)
FN:5,u
FN:5,(anonymous_1420)
FN:5,(anonymous_1421)
FN:5,(anonymous_1422)
FN:5,(anonymous_1423)
FN:5,(anonymous_1424)
FN:5,(anonymous_1425)
FN:5,(anonymous_1426)
FN:5,(anonymous_1427)
FN:5,(anonymous_1428)
FN:5,(anonymous_1429)
FN:5,(anonymous_1430)
FN:5,(anonymous_1431)
FN:5,(anonymous_1432)
FN:5,(anonymous_1433)
FN:5,(anonymous_1434)
FN:5,(anonymous_1435)
FN:5,(anonymous_1436)
FN:5,n
FN:5,(anonymous_1438)
FN:5,(anonymous_1439)
FN:5,(anonymous_1440)
FN:5,(anonymous_1441)
FN:5,(anonymous_1442)
FN:5,(anonymous_1443)
FN:5,(anonymous_1444)
FN:5,(anonymous_1445)
FN:5,(anonymous_1446)
FN:5,(anonymous_1447)
FN:5,(anonymous_1448)
FN:5,(anonymous_1449)
FN:5,(anonymous_1450)
FN:5,n
FN:5,(anonymous_1452)
FN:5,(anonymous_1453)
FN:5,(anonymous_1454)
FN:5,(anonymous_1455)
FN:5,(anonymous_1456)
FN:5,e
FN:5,(anonymous_1458)
FN:5,r
FN:5,u
FN:5,i
FN:5,i
FN:5,v
FN:5,d
FN:5,m
FN:5,y
FN:5,(anonymous_1467)
FN:5,(anonymous_1468)
FN:5,(anonymous_1469)
FN:5,(anonymous_1470)
FN:5,(anonymous_1471)
FN:5,(anonymous_1472)
FN:5,(anonymous_1473)
FN:5,(anonymous_1474)
FN:5,(anonymous_1475)
FN:5,(anonymous_1476)
FN:5,(anonymous_1477)
FN:5,(anonymous_1478)
FN:5,(anonymous_1479)
FN:5,(anonymous_1480)
FN:5,(anonymous_1481)
FN:5,(anonymous_1482)
FN:5,(anonymous_1483)
FN:5,(anonymous_1484)
FN:5,(anonymous_1485)
FN:5,(anonymous_1486)
FN:5,(anonymous_1487)
FN:5,(anonymous_1488)
FN:5,(anonymous_1489)
FN:5,(anonymous_1490)
FN:5,(anonymous_1491)
FN:5,(anonymous_1492)
FN:5,(anonymous_1493)
FN:5,(anonymous_1494)
FN:5,(anonymous_1495)
FN:5,(anonymous_1496)
FN:5,(anonymous_1497)
FN:5,(anonymous_1498)
FN:5,(anonymous_1499)
FN:5,(anonymous_1500)
FN:5,(anonymous_1501)
FN:5,(anonymous_1502)
FN:5,(anonymous_1503)
FN:5,(anonymous_1504)
FN:5,(anonymous_1505)
FN:5,(anonymous_1506)
FN:5,(anonymous_1507)
FN:5,(anonymous_1508)
FN:5,(anonymous_1509)
FN:5,(anonymous_1510)
FN:5,(anonymous_1511)
FN:5,(anonymous_1512)
FN:5,(anonymous_1513)
FNF:1514
FNH:0
FNDA:0,(anonymous_0)
FNDA:0,n
FNDA:0,t
FNDA:0,e
FNDA:0,r
FNDA:0,u
FNDA:0,i
FNDA:0,(anonymous_7)
FNDA:0,(anonymous_8)
FNDA:0,a
FNDA:0,o
FNDA:0,l
FNDA:0,c
FNDA:0,s
FNDA:0,f
FNDA:0,h
FNDA:0,g
FNDA:0,p
FNDA:0,v
FNDA:0,d
FNDA:0,m
FNDA:0,y
FNDA:0,M
FNDA:0,(anonymous_23)
FNDA:0,x
FNDA:0,b
FNDA:0,_
FNDA:0,w
FNDA:0,t
FNDA:0,(anonymous_29)
FNDA:0,S
FNDA:0,k
FNDA:0,N
FNDA:0,(anonymous_33)
FNDA:0,(anonymous_34)
FNDA:0,E
FNDA:0,A
FNDA:0,(anonymous_37)
FNDA:0,C
FNDA:0,(anonymous_39)
FNDA:0,z
FNDA:0,e
FNDA:0,r
FNDA:0,u
FNDA:0,i
FNDA:0,a
FNDA:0,o
FNDA:0,L
FNDA:0,q
FNDA:0,T
FNDA:0,R
FNDA:0,e
FNDA:0,r
FNDA:0,D
FNDA:0,(anonymous_54)
FNDA:0,P
FNDA:0,r
FNDA:0,u
FNDA:0,i
FNDA:0,U
FNDA:0,e
FNDA:0,r
FNDA:0,u
FNDA:0,j
FNDA:0,t
FNDA:0,e
FNDA:0,F
FNDA:0,H
FNDA:0,O
FNDA:0,(anonymous_69)
FNDA:0,I
FNDA:0,(anonymous_71)
FNDA:0,Y
FNDA:0,Z
FNDA:0,V
FNDA:0,(anonymous_75)
FNDA:0,X
FNDA:0,r
FNDA:0,u
FNDA:0,i
FNDA:0,$
FNDA:0,(anonymous_81)
FNDA:0,B
FNDA:0,(anonymous_83)
FNDA:0,W
FNDA:0,(anonymous_85)
FNDA:0,(anonymous_86)
FNDA:0,(anonymous_87)
FNDA:0,J
FNDA:0,G
FNDA:0,K
FNDA:0,Q
FNDA:0,nn
FNDA:0,tn
FNDA:0,en
FNDA:0,rn
FNDA:0,un
FNDA:0,an
FNDA:0,on
FNDA:0,ln
FNDA:0,cn
FNDA:0,r
FNDA:0,u
FNDA:0,sn
FNDA:0,fn
FNDA:0,hn
FNDA:0,gn
FNDA:0,pn
FNDA:0,vn
FNDA:0,dn
FNDA:0,mn
FNDA:0,yn
FNDA:0,Mn
FNDA:0,xn
FNDA:0,bn
FNDA:0,_n
FNDA:0,wn
FNDA:0,Sn
FNDA:0,kn
FNDA:0,Nn
FNDA:0,En
FNDA:0,(anonymous_121)
FNDA:0,An
FNDA:0,(anonymous_123)
FNDA:0,Cn
FNDA:0,u
FNDA:0,(anonymous_126)
FNDA:0,(anonymous_127)
FNDA:0,(anonymous_128)
FNDA:0,(anonymous_129)
FNDA:0,(anonymous_130)
FNDA:0,(anonymous_131)
FNDA:0,(anonymous_132)
FNDA:0,(anonymous_133)
FNDA:0,(anonymous_134)
FNDA:0,(anonymous_135)
FNDA:0,(anonymous_136)
FNDA:0,zn
FNDA:0,(anonymous_138)
FNDA:0,Ln
FNDA:0,qn
FNDA:0,Tn
FNDA:0,Rn
FNDA:0,Dn
FNDA:0,Pn
FNDA:0,Un
FNDA:0,(anonymous_146)
FNDA:0,(anonymous_147)
FNDA:0,jn
FNDA:0,(anonymous_149)
FNDA:0,(anonymous_150)
FNDA:0,(anonymous_151)
FNDA:0,Fn
FNDA:0,Hn
FNDA:0,On
FNDA:0,r
FNDA:0,u
FNDA:0,i
FNDA:0,a
FNDA:0,o
FNDA:0,In
FNDA:0,(anonymous_161)
FNDA:0,Yn
FNDA:0,t
FNDA:0,t
FNDA:0,(anonymous_165)
FNDA:0,(anonymous_166)
FNDA:0,e
FNDA:0,r
FNDA:0,u
FNDA:0,i
FNDA:0,a
FNDA:0,o
FNDA:0,l
FNDA:0,c
FNDA:0,s
FNDA:0,(anonymous_176)
FNDA:0,e
FNDA:0,(anonymous_178)
FNDA:0,(anonymous_179)
FNDA:0,(anonymous_180)
FNDA:0,(anonymous_181)
FNDA:0,(anonymous_182)
FNDA:0,(anonymous_183)
FNDA:0,(anonymous_184)
FNDA:0,(anonymous_185)
FNDA:0,(anonymous_186)
FNDA:0,(anonymous_187)
FNDA:0,(anonymous_188)
FNDA:0,(anonymous_189)
FNDA:0,(anonymous_190)
FNDA:0,(anonymous_191)
FNDA:0,(anonymous_192)
FNDA:0,(anonymous_193)
FNDA:0,(anonymous_194)
FNDA:0,(anonymous_195)
FNDA:0,(anonymous_196)
FNDA:0,(anonymous_197)
FNDA:0,(anonymous_198)
FNDA:0,(anonymous_199)
FNDA:0,Zn
FNDA:0,Vn
FNDA:0,Xn
FNDA:0,$n
FNDA:0,Bn
FNDA:0,Wn
FNDA:0,Jn
FNDA:0,Gn
FNDA:0,Kn
FNDA:0,Qn
FNDA:0,nt
FNDA:0,tt
FNDA:0,et
FNDA:0,rt
FNDA:0,ut
FNDA:0,it
FNDA:0,at
FNDA:0,ot
FNDA:0,lt
FNDA:0,ct
FNDA:0,(anonymous_220)
FNDA:0,st
FNDA:0,ft
FNDA:0,ht
FNDA:0,gt
FNDA:0,pt
FNDA:0,vt
FNDA:0,n
FNDA:0,(anonymous_228)
FNDA:0,(anonymous_229)
FNDA:0,dt
FNDA:0,mt
FNDA:0,yt
FNDA:0,Mt
FNDA:0,xt
FNDA:0,bt
FNDA:0,_t
FNDA:0,wt
FNDA:0,St
FNDA:0,kt
FNDA:0,Nt
FNDA:0,n
FNDA:0,(anonymous_242)
FNDA:0,Et
FNDA:0,At
FNDA:0,n
FNDA:0,(anonymous_246)
FNDA:0,(anonymous_247)
FNDA:0,Ct
FNDA:0,e
FNDA:0,(anonymous_250)
FNDA:0,zt
FNDA:0,Lt
FNDA:0,(anonymous_253)
FNDA:0,qt
FNDA:0,Tt
FNDA:0,Rt
FNDA:0,(anonymous_257)
FNDA:0,a
FNDA:0,o
FNDA:0,l
FNDA:0,c
FNDA:0,s
FNDA:0,f
FNDA:0,h
FNDA:0,(anonymous_265)
FNDA:0,(anonymous_266)
FNDA:0,(anonymous_267)
FNDA:0,Dt
FNDA:0,Pt
FNDA:0,(anonymous_270)
FNDA:0,(anonymous_271)
FNDA:0,(anonymous_272)
FNDA:0,(anonymous_273)
FNDA:0,Ut
FNDA:0,jt
FNDA:0,(anonymous_276)
FNDA:0,(anonymous_277)
FNDA:0,(anonymous_278)
FNDA:0,(anonymous_279)
FNDA:0,Ft
FNDA:0,Ht
FNDA:0,Ot
FNDA:0,It
FNDA:0,t
FNDA:0,e
FNDA:0,(anonymous_286)
FNDA:0,(anonymous_287)
FNDA:0,(anonymous_288)
FNDA:0,(anonymous_289)
FNDA:0,r
FNDA:0,u
FNDA:0,Yt
FNDA:0,(anonymous_293)
FNDA:0,Zt
FNDA:0,u
FNDA:0,i
FNDA:0,a
FNDA:0,(anonymous_298)
FNDA:0,l
FNDA:0,c
FNDA:0,s
FNDA:0,f
FNDA:0,h
FNDA:0,g
FNDA:0,p
FNDA:0,(anonymous_306)
FNDA:0,(anonymous_307)
FNDA:0,Vt
FNDA:0,(anonymous_309)
FNDA:0,Xt
FNDA:0,e
FNDA:0,(anonymous_312)
FNDA:0,$t
FNDA:0,n
FNDA:0,(anonymous_315)
FNDA:0,(anonymous_316)
FNDA:0,Bt
FNDA:0,Wt
FNDA:0,n
FNDA:0,t
FNDA:0,e
FNDA:0,r
FNDA:0,u
FNDA:0,(anonymous_324)
FNDA:0,(anonymous_325)
FNDA:0,(anonymous_326)
FNDA:0,(anonymous_327)
FNDA:0,(anonymous_328)
FNDA:0,Jt
FNDA:0,Gt
FNDA:0,Kt
FNDA:0,n
FNDA:0,(anonymous_333)
FNDA:0,Qt
FNDA:0,ne
FNDA:0,n
FNDA:0,(anonymous_337)
FNDA:0,(anonymous_338)
FNDA:0,te
FNDA:0,t
FNDA:0,e
FNDA:0,r
FNDA:0,u
FNDA:0,i
FNDA:0,(anonymous_345)
FNDA:0,(anonymous_346)
FNDA:0,(anonymous_347)
FNDA:0,(anonymous_348)
FNDA:0,ee
FNDA:0,t
FNDA:0,e
FNDA:0,(anonymous_352)
FNDA:0,r
FNDA:0,e
FNDA:0,r
FNDA:0,i
FNDA:0,a
FNDA:0,l
FNDA:0,c
FNDA:0,s
FNDA:0,(anonymous_361)
FNDA:0,(anonymous_362)
FNDA:0,u
FNDA:0,(anonymous_364)
FNDA:0,re
FNDA:0,(anonymous_366)
FNDA:0,(anonymous_367)
FNDA:0,ue
FNDA:0,ie
FNDA:0,(anonymous_370)
FNDA:0,(anonymous_371)
FNDA:0,(anonymous_372)
FNDA:0,(anonymous_373)
FNDA:0,(anonymous_374)
FNDA:0,ae
FNDA:0,(anonymous_376)
FNDA:0,oe
FNDA:0,t
FNDA:0,e
FNDA:0,r
FNDA:0,u
FNDA:0,(anonymous_382)
FNDA:0,(anonymous_383)
FNDA:0,(anonymous_384)
FNDA:0,(anonymous_385)
FNDA:0,(anonymous_386)
FNDA:0,(anonymous_387)
FNDA:0,(anonymous_388)
FNDA:0,(anonymous_389)
FNDA:0,(anonymous_390)
FNDA:0,le
FNDA:0,(anonymous_392)
FNDA:0,ce
FNDA:0,se
FNDA:0,fe
FNDA:0,he
FNDA:0,(anonymous_397)
FNDA:0,ge
FNDA:0,pe
FNDA:0,e
FNDA:0,(anonymous_401)
FNDA:0,ve
FNDA:0,(anonymous_403)
FNDA:0,de
FNDA:0,me
FNDA:0,(anonymous_406)
FNDA:0,(anonymous_407)
FNDA:0,ye
FNDA:0,(anonymous_409)
FNDA:0,(anonymous_410)
FNDA:0,Me
FNDA:0,xe
FNDA:0,be
FNDA:0,(anonymous_414)
FNDA:0,(anonymous_415)
FNDA:0,_e
FNDA:0,n
FNDA:0,(anonymous_418)
FNDA:0,(anonymous_419)
FNDA:0,we
FNDA:0,e
FNDA:0,(anonymous_422)
FNDA:0,Se
FNDA:0,e
FNDA:0,(anonymous_425)
FNDA:0,(anonymous_426)
FNDA:0,ke
FNDA:0,e
FNDA:0,(anonymous_429)
FNDA:0,Ne
FNDA:0,Ee
FNDA:0,(anonymous_432)
FNDA:0,(anonymous_433)
FNDA:0,(anonymous_434)
FNDA:0,Ae
FNDA:0,Ce
FNDA:0,ze
FNDA:0,Le
FNDA:0,qe
FNDA:0,Te
FNDA:0,Re
FNDA:0,De
FNDA:0,Pe
FNDA:0,Ue
FNDA:0,je
FNDA:0,Fe
FNDA:0,He
FNDA:0,Oe
FNDA:0,Ie
FNDA:0,Ye
FNDA:0,Ze
FNDA:0,Ve
FNDA:0,Xe
FNDA:0,$e
FNDA:0,Be
FNDA:0,We
FNDA:0,Je
FNDA:0,Ge
FNDA:0,Ke
FNDA:0,Qe
FNDA:0,nr
FNDA:0,tr
FNDA:0,er
FNDA:0,rr
FNDA:0,ur
FNDA:0,ir
FNDA:0,ar
FNDA:0,or
FNDA:0,lr
FNDA:0,cr
FNDA:0,sr
FNDA:0,fr
FNDA:0,hr
FNDA:0,gr
FNDA:0,pr
FNDA:0,c
FNDA:0,vr
FNDA:0,(anonymous_478)
FNDA:0,dr
FNDA:0,(anonymous_480)
FNDA:0,mr
FNDA:0,(anonymous_482)
FNDA:0,yr
FNDA:0,(anonymous_484)
FNDA:0,(anonymous_485)
FNDA:0,(anonymous_486)
FNDA:0,Mr
FNDA:0,xr
FNDA:0,(anonymous_489)
FNDA:0,br
FNDA:0,(anonymous_491)
FNDA:0,_r
FNDA:0,(anonymous_493)
FNDA:0,wr
FNDA:0,(anonymous_495)
FNDA:0,Sr
FNDA:0,kr
FNDA:0,Nr
FNDA:0,Er
FNDA:0,(anonymous_500)
FNDA:0,Ar
FNDA:0,Cr
FNDA:0,zr
FNDA:0,Lr
FNDA:0,(anonymous_505)
FNDA:0,qr
FNDA:0,(anonymous_507)
FNDA:0,Tr
FNDA:0,Rr
FNDA:0,(anonymous_510)
FNDA:0,Dr
FNDA:0,(anonymous_512)
FNDA:0,Pr
FNDA:0,(anonymous_514)
FNDA:0,Ur
FNDA:0,(anonymous_516)
FNDA:0,jr
FNDA:0,Fr
FNDA:0,Hr
FNDA:0,Or
FNDA:0,Ir
FNDA:0,Yr
FNDA:0,Zr
FNDA:0,Vr
FNDA:0,Xr
FNDA:0,$r
FNDA:0,(anonymous_527)
FNDA:0,Br
FNDA:0,(anonymous_529)
FNDA:0,Wr
FNDA:0,(anonymous_531)
FNDA:0,Jr
FNDA:0,Gr
FNDA:0,Kr
FNDA:0,Qr
FNDA:0,nu
FNDA:0,tu
FNDA:0,eu
FNDA:0,ru
FNDA:0,uu
FNDA:0,iu
FNDA:0,au
FNDA:0,ou
FNDA:0,lu
FNDA:0,cu
FNDA:0,su
FNDA:0,(anonymous_547)
FNDA:0,(anonymous_548)
FNDA:0,fu
FNDA:0,hu
FNDA:0,gu
FNDA:0,pu
FNDA:0,vu
FNDA:0,du
FNDA:0,mu
FNDA:0,yu
FNDA:0,Mu
FNDA:0,xu
FNDA:0,bu
FNDA:0,_u
FNDA:0,wu
FNDA:0,Su
FNDA:0,ku
FNDA:0,Nu
FNDA:0,t
FNDA:0,Eu
FNDA:0,Au
FNDA:0,Cu
FNDA:0,zu
FNDA:0,Lu
FNDA:0,qu
FNDA:0,Tu
FNDA:0,Ru
FNDA:0,Du
FNDA:0,Pu
FNDA:0,Uu
FNDA:0,(anonymous_577)
FNDA:0,ju
FNDA:0,(anonymous_579)
FNDA:0,Fu
FNDA:0,Hu
FNDA:0,Ou
FNDA:0,Iu
FNDA:0,Yu
FNDA:0,Zu
FNDA:0,Vu
FNDA:0,(anonymous_587)
FNDA:0,Xu
FNDA:0,$u
FNDA:0,(anonymous_590)
FNDA:0,(anonymous_591)
FNDA:0,Bu
FNDA:0,(anonymous_593)
FNDA:0,Wu
FNDA:0,u
FNDA:0,i
FNDA:0,(anonymous_597)
FNDA:0,(anonymous_598)
FNDA:0,(anonymous_599)
FNDA:0,(anonymous_600)
FNDA:0,(anonymous_601)
FNDA:0,(anonymous_602)
FNDA:0,(anonymous_603)
FNDA:0,(anonymous_604)
FNDA:0,(anonymous_605)
FNDA:0,(anonymous_606)
FNDA:0,Ju
FNDA:0,Gu
FNDA:0,Ku
FNDA:0,Qu
FNDA:0,ni
FNDA:0,(anonymous_612)
FNDA:0,ti
FNDA:0,ei
FNDA:0,ri
FNDA:0,u
FNDA:0,i
FNDA:0,a
FNDA:0,(anonymous_619)
FNDA:0,(anonymous_620)
FNDA:0,(anonymous_621)
FNDA:0,(anonymous_622)
FNDA:0,(anonymous_623)
FNDA:0,(anonymous_624)
FNDA:0,(anonymous_625)
FNDA:0,(anonymous_626)
FNDA:0,ui
FNDA:0,r
FNDA:0,(anonymous_629)
FNDA:0,(anonymous_630)
FNDA:0,(anonymous_631)
FNDA:0,(anonymous_632)
FNDA:0,(anonymous_633)
FNDA:0,(anonymous_634)
FNDA:0,(anonymous_635)
FNDA:0,ii
FNDA:0,(anonymous_637)
FNDA:0,ai
FNDA:0,e
FNDA:0,r
FNDA:0,(anonymous_641)
FNDA:0,(anonymous_642)
FNDA:0,(anonymous_643)
FNDA:0,(anonymous_644)
FNDA:0,(anonymous_645)
FNDA:0,(anonymous_646)
FNDA:0,(anonymous_647)
FNDA:0,(anonymous_648)
FNDA:0,(anonymous_649)
FNDA:0,(anonymous_650)
FNDA:0,oi
FNDA:0,i
FNDA:0,a
FNDA:0,(anonymous_654)
FNDA:0,(anonymous_655)
FNDA:0,(anonymous_656)
FNDA:0,(anonymous_657)
FNDA:0,(anonymous_658)
FNDA:0,li
FNDA:0,r
FNDA:0,u
FNDA:0,(anonymous_662)
FNDA:0,(anonymous_663)
FNDA:0,(anonymous_664)
FNDA:0,(anonymous_665)
FNDA:0,ci
FNDA:0,e
FNDA:0,(anonymous_668)
FNDA:0,(anonymous_669)
FNDA:0,(anonymous_670)
FNDA:0,(anonymous_671)
FNDA:0,si
FNDA:0,t
FNDA:0,(anonymous_674)
FNDA:0,(anonymous_675)
FNDA:0,(anonymous_676)
FNDA:0,(anonymous_677)
FNDA:0,fi
FNDA:0,hi
FNDA:0,gi
FNDA:0,pi
FNDA:0,vi
FNDA:0,di
FNDA:0,mi
FNDA:0,yi
FNDA:0,Mi
FNDA:0,t
FNDA:0,a
FNDA:0,(anonymous_689)
FNDA:0,(anonymous_690)
FNDA:0,(anonymous_691)
FNDA:0,(anonymous_692)
FNDA:0,(anonymous_693)
FNDA:0,xi
FNDA:0,bi
FNDA:0,_i
FNDA:0,wi
FNDA:0,Si
FNDA:0,ki
FNDA:0,Ni
FNDA:0,Ei
FNDA:0,Ai
FNDA:0,Ci
FNDA:0,zi
FNDA:0,Li
FNDA:0,qi
FNDA:0,Ti
FNDA:0,Ri
FNDA:0,Di
FNDA:0,Pi
FNDA:0,Ui
FNDA:0,ji
FNDA:0,Fi
FNDA:0,Hi
FNDA:0,Oi
FNDA:0,t
FNDA:0,l
FNDA:0,(anonymous_718)
FNDA:0,(anonymous_719)
FNDA:0,(anonymous_720)
FNDA:0,(anonymous_721)
FNDA:0,(anonymous_722)
FNDA:0,(anonymous_723)
FNDA:0,(anonymous_724)
FNDA:0,(anonymous_725)
FNDA:0,(anonymous_726)
FNDA:0,Ii
FNDA:0,Yi
FNDA:0,Zi
FNDA:0,(anonymous_730)
FNDA:0,Vi
FNDA:0,Xi
FNDA:0,$i
FNDA:0,Bi
FNDA:0,(anonymous_735)
FNDA:0,Wi
FNDA:0,Ji
FNDA:0,(anonymous_738)
FNDA:0,(anonymous_739)
FNDA:0,Gi
FNDA:0,(anonymous_741)
FNDA:0,Ki
FNDA:0,Qi
FNDA:0,i
FNDA:0,a
FNDA:0,(anonymous_746)
FNDA:0,(anonymous_747)
FNDA:0,o
FNDA:0,na
FNDA:0,(anonymous_750)
FNDA:0,ta
FNDA:0,(anonymous_752)
FNDA:0,ea
FNDA:0,ra
FNDA:0,r
FNDA:0,u
FNDA:0,(anonymous_757)
FNDA:0,(anonymous_758)
FNDA:0,(anonymous_759)
FNDA:0,(anonymous_760)
FNDA:0,e
FNDA:0,(anonymous_762)
FNDA:0,(anonymous_763)
FNDA:0,(anonymous_764)
FNDA:0,(anonymous_765)
FNDA:0,(anonymous_766)
FNDA:0,ua
FNDA:0,ia
FNDA:0,aa
FNDA:0,(anonymous_770)
FNDA:0,(anonymous_771)
FNDA:0,(anonymous_772)
FNDA:0,(anonymous_773)
FNDA:0,(anonymous_774)
FNDA:0,(anonymous_775)
FNDA:0,(anonymous_776)
FNDA:0,(anonymous_777)
FNDA:0,(anonymous_778)
FNDA:0,(anonymous_779)
FNDA:0,(anonymous_780)
FNDA:0,(anonymous_781)
FNDA:0,(anonymous_782)
FNDA:0,(anonymous_783)
FNDA:0,(anonymous_784)
FNDA:0,(anonymous_785)
FNDA:0,(anonymous_786)
FNDA:0,(anonymous_787)
FNDA:0,(anonymous_788)
FNDA:0,(anonymous_789)
FNDA:0,(anonymous_790)
FNDA:0,(anonymous_791)
FNDA:0,(anonymous_792)
FNDA:0,(anonymous_793)
FNDA:0,(anonymous_794)
FNDA:0,(anonymous_795)
FNDA:0,(anonymous_796)
FNDA:0,(anonymous_797)
FNDA:0,(anonymous_798)
FNDA:0,(anonymous_799)
FNDA:0,(anonymous_800)
FNDA:0,(anonymous_801)
FNDA:0,(anonymous_802)
FNDA:0,(anonymous_803)
FNDA:0,(anonymous_804)
FNDA:0,(anonymous_805)
FNDA:0,n
FNDA:0,(anonymous_807)
FNDA:0,(anonymous_808)
FNDA:0,t
FNDA:0,(anonymous_810)
FNDA:0,(anonymous_811)
FNDA:0,(anonymous_812)
FNDA:0,(anonymous_813)
FNDA:0,(anonymous_814)
FNDA:0,(anonymous_815)
FNDA:0,(anonymous_816)
FNDA:0,(anonymous_817)
FNDA:0,(anonymous_818)
FNDA:0,(anonymous_819)
FNDA:0,(anonymous_820)
FNDA:0,(anonymous_821)
FNDA:0,(anonymous_822)
FNDA:0,(anonymous_823)
FNDA:0,(anonymous_824)
FNDA:0,(anonymous_825)
FNDA:0,(anonymous_826)
FNDA:0,(anonymous_827)
FNDA:0,(anonymous_828)
FNDA:0,(anonymous_829)
FNDA:0,(anonymous_830)
FNDA:0,(anonymous_831)
FNDA:0,(anonymous_832)
FNDA:0,(anonymous_833)
FNDA:0,(anonymous_834)
FNDA:0,(anonymous_835)
FNDA:0,(anonymous_836)
FNDA:0,(anonymous_837)
FNDA:0,(anonymous_838)
FNDA:0,(anonymous_839)
FNDA:0,(anonymous_840)
FNDA:0,(anonymous_841)
FNDA:0,(anonymous_842)
FNDA:0,(anonymous_843)
FNDA:0,(anonymous_844)
FNDA:0,(anonymous_845)
FNDA:0,(anonymous_846)
FNDA:0,(anonymous_847)
FNDA:0,(anonymous_848)
FNDA:0,(anonymous_849)
FNDA:0,(anonymous_850)
FNDA:0,(anonymous_851)
FNDA:0,(anonymous_852)
FNDA:0,(anonymous_853)
FNDA:0,e
FNDA:0,(anonymous_855)
FNDA:0,(anonymous_856)
FNDA:0,(anonymous_857)
FNDA:0,(anonymous_858)
FNDA:0,(anonymous_859)
FNDA:0,(anonymous_860)
FNDA:0,(anonymous_861)
FNDA:0,(anonymous_862)
FNDA:0,(anonymous_863)
FNDA:0,(anonymous_864)
FNDA:0,(anonymous_865)
FNDA:0,(anonymous_866)
FNDA:0,(anonymous_867)
FNDA:0,(anonymous_868)
FNDA:0,(anonymous_869)
FNDA:0,(anonymous_870)
FNDA:0,(anonymous_871)
FNDA:0,(anonymous_872)
FNDA:0,(anonymous_873)
FNDA:0,(anonymous_874)
FNDA:0,(anonymous_875)
FNDA:0,(anonymous_876)
FNDA:0,n
FNDA:0,e
FNDA:0,(anonymous_879)
FNDA:0,o
FNDA:0,l
FNDA:0,(anonymous_882)
FNDA:0,(anonymous_883)
FNDA:0,(anonymous_884)
FNDA:0,(anonymous_885)
FNDA:0,(anonymous_886)
FNDA:0,(anonymous_887)
FNDA:0,(anonymous_888)
FNDA:0,n
FNDA:0,e
FNDA:0,r
FNDA:0,u
FNDA:0,i
FNDA:0,a
FNDA:0,o
FNDA:0,(anonymous_896)
FNDA:0,(anonymous_897)
FNDA:0,l
FNDA:0,c
FNDA:0,s
FNDA:0,f
FNDA:0,n
FNDA:0,r
FNDA:0,h
FNDA:0,n
FNDA:0,(anonymous_906)
FNDA:0,t
FNDA:0,r
FNDA:0,o
FNDA:0,g
FNDA:0,(anonymous_911)
FNDA:0,p
FNDA:0,(anonymous_913)
FNDA:0,(anonymous_914)
FNDA:0,(anonymous_915)
FNDA:0,(anonymous_916)
FNDA:0,(anonymous_917)
FNDA:0,(anonymous_918)
FNDA:0,(anonymous_919)
FNDA:0,(anonymous_920)
FNDA:0,(anonymous_921)
FNDA:0,(anonymous_922)
FNDA:0,(anonymous_923)
FNDA:0,(anonymous_924)
FNDA:0,(anonymous_925)
FNDA:0,(anonymous_926)
FNDA:0,(anonymous_927)
FNDA:0,(anonymous_928)
FNDA:0,(anonymous_929)
FNDA:0,(anonymous_930)
FNDA:0,(anonymous_931)
FNDA:0,(anonymous_932)
FNDA:0,(anonymous_933)
FNDA:0,(anonymous_934)
FNDA:0,(anonymous_935)
FNDA:0,(anonymous_936)
FNDA:0,(anonymous_937)
FNDA:0,(anonymous_938)
FNDA:0,(anonymous_939)
FNDA:0,(anonymous_940)
FNDA:0,(anonymous_941)
FNDA:0,(anonymous_942)
FNDA:0,(anonymous_943)
FNDA:0,(anonymous_944)
FNDA:0,(anonymous_945)
FNDA:0,(anonymous_946)
FNDA:0,e
FNDA:0,(anonymous_948)
FNDA:0,r
FNDA:0,u
FNDA:0,(anonymous_951)
FNDA:0,i
FNDA:0,a
FNDA:0,(anonymous_954)
FNDA:0,(anonymous_955)
FNDA:0,(anonymous_956)
FNDA:0,(anonymous_957)
FNDA:0,(anonymous_958)
FNDA:0,e
FNDA:0,(anonymous_960)
FNDA:0,(anonymous_961)
FNDA:0,(anonymous_962)
FNDA:0,(anonymous_963)
FNDA:0,(anonymous_964)
FNDA:0,(anonymous_965)
FNDA:0,(anonymous_966)
FNDA:0,(anonymous_967)
FNDA:0,(anonymous_968)
FNDA:0,(anonymous_969)
FNDA:0,(anonymous_970)
FNDA:0,(anonymous_971)
FNDA:0,(anonymous_972)
FNDA:0,(anonymous_973)
FNDA:0,(anonymous_974)
FNDA:0,(anonymous_975)
FNDA:0,(anonymous_976)
FNDA:0,(anonymous_977)
FNDA:0,(anonymous_978)
FNDA:0,(anonymous_979)
FNDA:0,(anonymous_980)
FNDA:0,(anonymous_981)
FNDA:0,(anonymous_982)
FNDA:0,(anonymous_983)
FNDA:0,(anonymous_984)
FNDA:0,(anonymous_985)
FNDA:0,(anonymous_986)
FNDA:0,(anonymous_987)
FNDA:0,(anonymous_988)
FNDA:0,(anonymous_989)
FNDA:0,(anonymous_990)
FNDA:0,(anonymous_991)
FNDA:0,(anonymous_992)
FNDA:0,(anonymous_993)
FNDA:0,(anonymous_994)
FNDA:0,(anonymous_995)
FNDA:0,(anonymous_996)
FNDA:0,(anonymous_997)
FNDA:0,(anonymous_998)
FNDA:0,(anonymous_999)
FNDA:0,(anonymous_1000)
FNDA:0,(anonymous_1001)
FNDA:0,(anonymous_1002)
FNDA:0,(anonymous_1003)
FNDA:0,(anonymous_1004)
FNDA:0,(anonymous_1005)
FNDA:0,(anonymous_1006)
FNDA:0,(anonymous_1007)
FNDA:0,(anonymous_1008)
FNDA:0,(anonymous_1009)
FNDA:0,(anonymous_1010)
FNDA:0,(anonymous_1011)
FNDA:0,(anonymous_1012)
FNDA:0,(anonymous_1013)
FNDA:0,(anonymous_1014)
FNDA:0,(anonymous_1015)
FNDA:0,(anonymous_1016)
FNDA:0,(anonymous_1017)
FNDA:0,(anonymous_1018)
FNDA:0,(anonymous_1019)
FNDA:0,(anonymous_1020)
FNDA:0,(anonymous_1021)
FNDA:0,(anonymous_1022)
FNDA:0,(anonymous_1023)
FNDA:0,(anonymous_1024)
FNDA:0,(anonymous_1025)
FNDA:0,(anonymous_1026)
FNDA:0,(anonymous_1027)
FNDA:0,(anonymous_1028)
FNDA:0,(anonymous_1029)
FNDA:0,(anonymous_1030)
FNDA:0,n
FNDA:0,t
FNDA:0,e
FNDA:0,r
FNDA:0,u
FNDA:0,i
FNDA:0,a
FNDA:0,o
FNDA:0,l
FNDA:0,c
FNDA:0,(anonymous_1041)
FNDA:0,(anonymous_1042)
FNDA:0,(anonymous_1043)
FNDA:0,(anonymous_1044)
FNDA:0,(anonymous_1045)
FNDA:0,(anonymous_1046)
FNDA:0,(anonymous_1047)
FNDA:0,(anonymous_1048)
FNDA:0,(anonymous_1049)
FNDA:0,(anonymous_1050)
FNDA:0,(anonymous_1051)
FNDA:0,(anonymous_1052)
FNDA:0,n
FNDA:0,(anonymous_1054)
FNDA:0,(anonymous_1055)
FNDA:0,(anonymous_1056)
FNDA:0,(anonymous_1057)
FNDA:0,(anonymous_1058)
FNDA:0,(anonymous_1059)
FNDA:0,(anonymous_1060)
FNDA:0,(anonymous_1061)
FNDA:0,(anonymous_1062)
FNDA:0,(anonymous_1063)
FNDA:0,(anonymous_1064)
FNDA:0,(anonymous_1065)
FNDA:0,(anonymous_1066)
FNDA:0,(anonymous_1067)
FNDA:0,(anonymous_1068)
FNDA:0,(anonymous_1069)
FNDA:0,(anonymous_1070)
FNDA:0,n
FNDA:0,t
FNDA:0,(anonymous_1073)
FNDA:0,(anonymous_1074)
FNDA:0,(anonymous_1075)
FNDA:0,(anonymous_1076)
FNDA:0,(anonymous_1077)
FNDA:0,(anonymous_1078)
FNDA:0,(anonymous_1079)
FNDA:0,(anonymous_1080)
FNDA:0,(anonymous_1081)
FNDA:0,(anonymous_1082)
FNDA:0,(anonymous_1083)
FNDA:0,(anonymous_1084)
FNDA:0,(anonymous_1085)
FNDA:0,(anonymous_1086)
FNDA:0,(anonymous_1087)
FNDA:0,(anonymous_1088)
FNDA:0,t
FNDA:0,(anonymous_1090)
FNDA:0,(anonymous_1091)
FNDA:0,n
FNDA:0,(anonymous_1093)
FNDA:0,(anonymous_1094)
FNDA:0,(anonymous_1095)
FNDA:0,(anonymous_1096)
FNDA:0,(anonymous_1097)
FNDA:0,(anonymous_1098)
FNDA:0,n
FNDA:0,t
FNDA:0,(anonymous_1101)
FNDA:0,(anonymous_1102)
FNDA:0,(anonymous_1103)
FNDA:0,(anonymous_1104)
FNDA:0,(anonymous_1105)
FNDA:0,(anonymous_1106)
FNDA:0,(anonymous_1107)
FNDA:0,(anonymous_1108)
FNDA:0,(anonymous_1109)
FNDA:0,(anonymous_1110)
FNDA:0,(anonymous_1111)
FNDA:0,(anonymous_1112)
FNDA:0,(anonymous_1113)
FNDA:0,n
FNDA:0,(anonymous_1115)
FNDA:0,(anonymous_1116)
FNDA:0,(anonymous_1117)
FNDA:0,(anonymous_1118)
FNDA:0,(anonymous_1119)
FNDA:0,(anonymous_1120)
FNDA:0,(anonymous_1121)
FNDA:0,(anonymous_1122)
FNDA:0,(anonymous_1123)
FNDA:0,(anonymous_1124)
FNDA:0,(anonymous_1125)
FNDA:0,(anonymous_1126)
FNDA:0,(anonymous_1127)
FNDA:0,(anonymous_1128)
FNDA:0,(anonymous_1129)
FNDA:0,(anonymous_1130)
FNDA:0,(anonymous_1131)
FNDA:0,(anonymous_1132)
FNDA:0,(anonymous_1133)
FNDA:0,(anonymous_1134)
FNDA:0,(anonymous_1135)
FNDA:0,(anonymous_1136)
FNDA:0,(anonymous_1137)
FNDA:0,(anonymous_1138)
FNDA:0,(anonymous_1139)
FNDA:0,(anonymous_1140)
FNDA:0,(anonymous_1141)
FNDA:0,t
FNDA:0,(anonymous_1143)
FNDA:0,(anonymous_1144)
FNDA:0,(anonymous_1145)
FNDA:0,(anonymous_1146)
FNDA:0,(anonymous_1147)
FNDA:0,(anonymous_1148)
FNDA:0,(anonymous_1149)
FNDA:0,(anonymous_1150)
FNDA:0,(anonymous_1151)
FNDA:0,(anonymous_1152)
FNDA:0,(anonymous_1153)
FNDA:0,(anonymous_1154)
FNDA:0,t
FNDA:0,(anonymous_1156)
FNDA:0,(anonymous_1157)
FNDA:0,e
FNDA:0,(anonymous_1159)
FNDA:0,(anonymous_1160)
FNDA:0,(anonymous_1161)
FNDA:0,(anonymous_1162)
FNDA:0,(anonymous_1163)
FNDA:0,(anonymous_1164)
FNDA:0,(anonymous_1165)
FNDA:0,(anonymous_1166)
FNDA:0,(anonymous_1167)
FNDA:0,(anonymous_1168)
FNDA:0,(anonymous_1169)
FNDA:0,(anonymous_1170)
FNDA:0,i
FNDA:0,i
FNDA:0,c
FNDA:0,(anonymous_1174)
FNDA:0,(anonymous_1175)
FNDA:0,(anonymous_1176)
FNDA:0,(anonymous_1177)
FNDA:0,(anonymous_1178)
FNDA:0,(anonymous_1179)
FNDA:0,(anonymous_1180)
FNDA:0,(anonymous_1181)
FNDA:0,(anonymous_1182)
FNDA:0,(anonymous_1183)
FNDA:0,(anonymous_1184)
FNDA:0,(anonymous_1185)
FNDA:0,(anonymous_1186)
FNDA:0,(anonymous_1187)
FNDA:0,(anonymous_1188)
FNDA:0,(anonymous_1189)
FNDA:0,(anonymous_1190)
FNDA:0,(anonymous_1191)
FNDA:0,(anonymous_1192)
FNDA:0,(anonymous_1193)
FNDA:0,(anonymous_1194)
FNDA:0,(anonymous_1195)
FNDA:0,(anonymous_1196)
FNDA:0,n
FNDA:0,(anonymous_1198)
FNDA:0,(anonymous_1199)
FNDA:0,(anonymous_1200)
FNDA:0,t
FNDA:0,(anonymous_1202)
FNDA:0,(anonymous_1203)
FNDA:0,(anonymous_1204)
FNDA:0,(anonymous_1205)
FNDA:0,(anonymous_1206)
FNDA:0,(anonymous_1207)
FNDA:0,(anonymous_1208)
FNDA:0,(anonymous_1209)
FNDA:0,(anonymous_1210)
FNDA:0,n
FNDA:0,(anonymous_1212)
FNDA:0,t
FNDA:0,(anonymous_1214)
FNDA:0,(anonymous_1215)
FNDA:0,(anonymous_1216)
FNDA:0,(anonymous_1217)
FNDA:0,(anonymous_1218)
FNDA:0,(anonymous_1219)
FNDA:0,(anonymous_1220)
FNDA:0,(anonymous_1221)
FNDA:0,(anonymous_1222)
FNDA:0,(anonymous_1223)
FNDA:0,(anonymous_1224)
FNDA:0,(anonymous_1225)
FNDA:0,(anonymous_1226)
FNDA:0,n
FNDA:0,(anonymous_1228)
FNDA:0,(anonymous_1229)
FNDA:0,(anonymous_1230)
FNDA:0,(anonymous_1231)
FNDA:0,n
FNDA:0,(anonymous_1233)
FNDA:0,(anonymous_1234)
FNDA:0,(anonymous_1235)
FNDA:0,(anonymous_1236)
FNDA:0,(anonymous_1237)
FNDA:0,(anonymous_1238)
FNDA:0,(anonymous_1239)
FNDA:0,(anonymous_1240)
FNDA:0,n
FNDA:0,t
FNDA:0,e
FNDA:0,(anonymous_1244)
FNDA:0,(anonymous_1245)
FNDA:0,n
FNDA:0,(anonymous_1247)
FNDA:0,(anonymous_1248)
FNDA:0,(anonymous_1249)
FNDA:0,(anonymous_1250)
FNDA:0,(anonymous_1251)
FNDA:0,(anonymous_1252)
FNDA:0,(anonymous_1253)
FNDA:0,(anonymous_1254)
FNDA:0,(anonymous_1255)
FNDA:0,(anonymous_1256)
FNDA:0,n
FNDA:0,(anonymous_1258)
FNDA:0,(anonymous_1259)
FNDA:0,(anonymous_1260)
FNDA:0,(anonymous_1261)
FNDA:0,(anonymous_1262)
FNDA:0,(anonymous_1263)
FNDA:0,(anonymous_1264)
FNDA:0,(anonymous_1265)
FNDA:0,(anonymous_1266)
FNDA:0,(anonymous_1267)
FNDA:0,(anonymous_1268)
FNDA:0,(anonymous_1269)
FNDA:0,(anonymous_1270)
FNDA:0,(anonymous_1271)
FNDA:0,(anonymous_1272)
FNDA:0,(anonymous_1273)
FNDA:0,n
FNDA:0,(anonymous_1275)
FNDA:0,(anonymous_1276)
FNDA:0,(anonymous_1277)
FNDA:0,(anonymous_1278)
FNDA:0,(anonymous_1279)
FNDA:0,(anonymous_1280)
FNDA:0,n
FNDA:0,(anonymous_1282)
FNDA:0,(anonymous_1283)
FNDA:0,(anonymous_1284)
FNDA:0,(anonymous_1285)
FNDA:0,(anonymous_1286)
FNDA:0,(anonymous_1287)
FNDA:0,(anonymous_1288)
FNDA:0,(anonymous_1289)
FNDA:0,n
FNDA:0,(anonymous_1291)
FNDA:0,(anonymous_1292)
FNDA:0,t
FNDA:0,e
FNDA:0,r
FNDA:0,u
FNDA:0,i
FNDA:0,(anonymous_1298)
FNDA:0,(anonymous_1299)
FNDA:0,(anonymous_1300)
FNDA:0,(anonymous_1301)
FNDA:0,n
FNDA:0,(anonymous_1303)
FNDA:0,(anonymous_1304)
FNDA:0,(anonymous_1305)
FNDA:0,(anonymous_1306)
FNDA:0,(anonymous_1307)
FNDA:0,(anonymous_1308)
FNDA:0,(anonymous_1309)
FNDA:0,n
FNDA:0,t
FNDA:0,e
FNDA:0,r
FNDA:0,u
FNDA:0,i
FNDA:0,(anonymous_1316)
FNDA:0,(anonymous_1317)
FNDA:0,t
FNDA:0,e
FNDA:0,(anonymous_1320)
FNDA:0,(anonymous_1321)
FNDA:0,(anonymous_1322)
FNDA:0,(anonymous_1323)
FNDA:0,(anonymous_1324)
FNDA:0,(anonymous_1325)
FNDA:0,(anonymous_1326)
FNDA:0,(anonymous_1327)
FNDA:0,(anonymous_1328)
FNDA:0,(anonymous_1329)
FNDA:0,(anonymous_1330)
FNDA:0,(anonymous_1331)
FNDA:0,(anonymous_1332)
FNDA:0,(anonymous_1333)
FNDA:0,(anonymous_1334)
FNDA:0,(anonymous_1335)
FNDA:0,(anonymous_1336)
FNDA:0,(anonymous_1337)
FNDA:0,(anonymous_1338)
FNDA:0,(anonymous_1339)
FNDA:0,(anonymous_1340)
FNDA:0,(anonymous_1341)
FNDA:0,(anonymous_1342)
FNDA:0,(anonymous_1343)
FNDA:0,(anonymous_1344)
FNDA:0,(anonymous_1345)
FNDA:0,(anonymous_1346)
FNDA:0,(anonymous_1347)
FNDA:0,n
FNDA:0,t
FNDA:0,(anonymous_1350)
FNDA:0,(anonymous_1351)
FNDA:0,(anonymous_1352)
FNDA:0,(anonymous_1353)
FNDA:0,(anonymous_1354)
FNDA:0,(anonymous_1355)
FNDA:0,(anonymous_1356)
FNDA:0,(anonymous_1357)
FNDA:0,(anonymous_1358)
FNDA:0,(anonymous_1359)
FNDA:0,(anonymous_1360)
FNDA:0,(anonymous_1361)
FNDA:0,(anonymous_1362)
FNDA:0,(anonymous_1363)
FNDA:0,n
FNDA:0,t
FNDA:0,e
FNDA:0,r
FNDA:0,u
FNDA:0,(anonymous_1369)
FNDA:0,(anonymous_1370)
FNDA:0,(anonymous_1371)
FNDA:0,(anonymous_1372)
FNDA:0,(anonymous_1373)
FNDA:0,(anonymous_1374)
FNDA:0,n
FNDA:0,(anonymous_1376)
FNDA:0,(anonymous_1377)
FNDA:0,(anonymous_1378)
FNDA:0,(anonymous_1379)
FNDA:0,(anonymous_1380)
FNDA:0,(anonymous_1381)
FNDA:0,n
FNDA:0,(anonymous_1383)
FNDA:0,(anonymous_1384)
FNDA:0,(anonymous_1385)
FNDA:0,(anonymous_1386)
FNDA:0,(anonymous_1387)
FNDA:0,(anonymous_1388)
FNDA:0,(anonymous_1389)
FNDA:0,(anonymous_1390)
FNDA:0,(anonymous_1391)
FNDA:0,(anonymous_1392)
FNDA:0,(anonymous_1393)
FNDA:0,(anonymous_1394)
FNDA:0,(anonymous_1395)
FNDA:0,(anonymous_1396)
FNDA:0,(anonymous_1397)
FNDA:0,(anonymous_1398)
FNDA:0,(anonymous_1399)
FNDA:0,e
FNDA:0,r
FNDA:0,u
FNDA:0,(anonymous_1403)
FNDA:0,(anonymous_1404)
FNDA:0,i
FNDA:0,(anonymous_1406)
FNDA:0,(anonymous_1407)
FNDA:0,(anonymous_1408)
FNDA:0,e
FNDA:0,(anonymous_1410)
FNDA:0,r
FNDA:0,(anonymous_1412)
FNDA:0,(anonymous_1413)
FNDA:0,u
FNDA:0,i
FNDA:0,(anonymous_1416)
FNDA:0,(anonymous_1417)
FNDA:0,(anonymous_1418)
FNDA:0,u
FNDA:0,(anonymous_1420)
FNDA:0,(anonymous_1421)
FNDA:0,(anonymous_1422)
FNDA:0,(anonymous_1423)
FNDA:0,(anonymous_1424)
FNDA:0,(anonymous_1425)
FNDA:0,(anonymous_1426)
FNDA:0,(anonymous_1427)
FNDA:0,(anonymous_1428)
FNDA:0,(anonymous_1429)
FNDA:0,(anonymous_1430)
FNDA:0,(anonymous_1431)
FNDA:0,(anonymous_1432)
FNDA:0,(anonymous_1433)
FNDA:0,(anonymous_1434)
FNDA:0,(anonymous_1435)
FNDA:0,(anonymous_1436)
FNDA:0,n
FNDA:0,(anonymous_1438)
FNDA:0,(anonymous_1439)
FNDA:0,(anonymous_1440)
FNDA:0,(anonymous_1441)
FNDA:0,(anonymous_1442)
FNDA:0,(anonymous_1443)
FNDA:0,(anonymous_1444)
FNDA:0,(anonymous_1445)
FNDA:0,(anonymous_1446)
FNDA:0,(anonymous_1447)
FNDA:0,(anonymous_1448)
FNDA:0,(anonymous_1449)
FNDA:0,(anonymous_1450)
FNDA:0,n
FNDA:0,(anonymous_1452)
FNDA:0,(anonymous_1453)
FNDA:0,(anonymous_1454)
FNDA:0,(anonymous_1455)
FNDA:0,(anonymous_1456)
FNDA:0,e
FNDA:0,(anonymous_1458)
FNDA:0,r
FNDA:0,u
FNDA:0,i
FNDA:0,i
FNDA:0,v
FNDA:0,d
FNDA:0,m
FNDA:0,y
FNDA:0,(anonymous_1467)
FNDA:0,(anonymous_1468)
FNDA:0,(anonymous_1469)
FNDA:0,(anonymous_1470)
FNDA:0,(anonymous_1471)
FNDA:0,(anonymous_1472)
FNDA:0,(anonymous_1473)
FNDA:0,(anonymous_1474)
FNDA:0,(anonymous_1475)
FNDA:0,(anonymous_1476)
FNDA:0,(anonymous_1477)
FNDA:0,(anonymous_1478)
FNDA:0,(anonymous_1479)
FNDA:0,(anonymous_1480)
FNDA:0,(anonymous_1481)
FNDA:0,(anonymous_1482)
FNDA:0,(anonymous_1483)
FNDA:0,(anonymous_1484)
FNDA:0,(anonymous_1485)
FNDA:0,(anonymous_1486)
FNDA:0,(anonymous_1487)
FNDA:0,(anonymous_1488)
FNDA:0,(anonymous_1489)
FNDA:0,(anonymous_1490)
FNDA:0,(anonymous_1491)
FNDA:0,(anonymous_1492)
FNDA:0,(anonymous_1493)
FNDA:0,(anonymous_1494)
FNDA:0,(anonymous_1495)
FNDA:0,(anonymous_1496)
FNDA:0,(anonymous_1497)
FNDA:0,(anonymous_1498)
FNDA:0,(anonymous_1499)
FNDA:0,(anonymous_1500)
FNDA:0,(anonymous_1501)
FNDA:0,(anonymous_1502)
FNDA:0,(anonymous_1503)
FNDA:0,(anonymous_1504)
FNDA:0,(anonymous_1505)
FNDA:0,(anonymous_1506)
FNDA:0,(anonymous_1507)
FNDA:0,(anonymous_1508)
FNDA:0,(anonymous_1509)
FNDA:0,(anonymous_1510)
FNDA:0,(anonymous_1511)
FNDA:0,(anonymous_1512)
FNDA:0,(anonymous_1513)
DA:1,0
DA:2,0
DA:3,0
DA:4,0
DA:5,0
LF:5
LH:0
BRDA:1,0,0,0
BRDA:1,0,1,0
BRDA:1,1,0,0
BRDA:1,1,1,0
BRDA:1,1,2,0
BRDA:1,2,0,0
BRDA:1,2,1,0
BRDA:1,2,2,0
BRDA:1,2,3,0
BRDA:1,2,4,0
BRDA:1,2,5,0
BRDA:1,3,0,0
BRDA:1,3,1,0
BRDA:1,4,0,0
BRDA:1,4,1,0
BRDA:1,5,0,0
BRDA:1,5,1,0
BRDA:1,6,0,0
BRDA:1,6,1,0
BRDA:1,7,0,0
BRDA:1,7,1,0
BRDA:1,8,0,0
BRDA:1,8,1,0
BRDA:1,9,0,0
BRDA:1,9,1,0
BRDA:1,10,0,0
BRDA:1,10,1,0
BRDA:1,11,0,0
BRDA:1,11,1,0
BRDA:1,12,0,0
BRDA:1,12,1,0
BRDA:1,13,0,0
BRDA:1,13,1,0
BRDA:1,14,0,0
BRDA:1,14,1,0
BRDA:1,15,0,0
BRDA:1,15,1,0
BRDA:1,16,0,0
BRDA:1,16,1,0
BRDA:1,17,0,0
BRDA:1,17,1,0
BRDA:1,18,0,0
BRDA:1,18,1,0
BRDA:1,19,0,0
BRDA:1,19,1,0
BRDA:1,20,0,0
BRDA:1,20,1,0
BRDA:1,21,0,0
BRDA:1,21,1,0
BRDA:1,22,0,0
BRDA:1,22,1,0
BRDA:1,23,0,0
BRDA:1,23,1,0
BRDA:1,24,0,0
BRDA:1,24,1,0
BRDA:1,25,0,0
BRDA:1,25,1,0
BRDA:1,26,0,0
BRDA:1,26,1,0
BRDA:1,27,0,0
BRDA:1,27,1,0
BRDA:1,28,0,0
BRDA:1,28,1,0
BRDA:1,29,0,0
BRDA:1,29,1,0
BRDA:1,30,0,0
BRDA:1,30,1,0
BRDA:1,31,0,0
BRDA:1,31,1,0
BRDA:1,32,0,0
BRDA:1,32,1,0
BRDA:1,33,0,0
BRDA:1,33,1,0
BRDA:1,34,0,0
BRDA:1,34,1,0
BRDA:1,35,0,0
BRDA:1,35,1,0
BRDA:1,36,0,0
BRDA:1,36,1,0
BRDA:1,37,0,0
BRDA:1,37,1,0
BRDA:1,38,0,0
BRDA:1,38,1,0
BRDA:1,39,0,0
BRDA:1,39,1,0
BRDA:1,40,0,0
BRDA:1,40,1,0
BRDA:1,41,0,0
BRDA:1,41,1,0
BRDA:1,42,0,0
BRDA:1,42,1,0
BRDA:1,43,0,0
BRDA:1,43,1,0
BRDA:1,44,0,0
BRDA:1,44,1,0
BRDA:1,45,0,0
BRDA:1,45,1,0
BRDA:1,46,0,0
BRDA:1,46,1,0
BRDA:1,47,0,0
BRDA:1,47,1,0
BRDA:1,48,0,0
BRDA:1,48,1,0
BRDA:1,49,0,0
BRDA:1,49,1,0
BRDA:1,50,0,0
BRDA:1,50,1,0
BRDA:1,51,0,0
BRDA:1,51,1,0
BRDA:1,52,0,0
BRDA:1,52,1,0
BRDA:1,53,0,0
BRDA:1,53,1,0
BRDA:1,54,0,0
BRDA:1,54,1,0
BRDA:1,55,0,0
BRDA:1,55,1,0
BRDA:1,56,0,0
BRDA:1,56,1,0
BRDA:1,57,0,0
BRDA:1,57,1,0
BRDA:1,58,0,0
BRDA:1,58,1,0
BRDA:1,59,0,0
BRDA:1,59,1,0
BRDA:1,60,0,0
BRDA:1,60,1,0
BRDA:1,61,0,0
BRDA:1,61,1,0
BRDA:1,62,0,0
BRDA:1,62,1,0
BRDA:1,63,0,0
BRDA:1,63,1,0
BRDA:1,64,0,0
BRDA:1,64,1,0
BRDA:1,65,0,0
BRDA:1,65,1,0
BRDA:1,65,2,0
BRDA:1,65,3,0
BRDA:1,66,0,0
BRDA:1,66,1,0
BRDA:1,67,0,0
BRDA:1,67,1,0
BRDA:1,68,0,0
BRDA:1,68,1,0
BRDA:1,69,0,0
BRDA:1,69,1,0
BRDA:1,70,0,0
BRDA:1,70,1,0
BRDA:1,71,0,0
BRDA:1,71,1,0
BRDA:1,72,0,0
BRDA:1,72,1,0
BRDA:1,73,0,0
BRDA:1,73,1,0
BRDA:1,74,0,0
BRDA:1,74,1,0
BRDA:1,75,0,0
BRDA:1,75,1,0
BRDA:1,76,0,0
BRDA:1,76,1,0
BRDA:1,77,0,0
BRDA:1,77,1,0
BRDA:1,78,0,0
BRDA:1,78,1,0
BRDA:1,79,0,0
BRDA:1,79,1,0
BRDA:1,80,0,0
BRDA:1,80,1,0
BRDA:1,81,0,0
BRDA:1,81,1,0
BRDA:1,82,0,0
BRDA:1,82,1,0
BRDA:1,83,0,0
BRDA:1,83,1,0
BRDA:1,84,0,0
BRDA:1,84,1,0
BRDA:1,85,0,0
BRDA:1,85,1,0
BRDA:1,86,0,0
BRDA:1,86,1,0
BRDA:1,87,0,0
BRDA:1,87,1,0
BRDA:1,88,0,0
BRDA:1,88,1,0
BRDA:1,89,0,0
BRDA:1,89,1,0
BRDA:1,90,0,0
BRDA:1,90,1,0
BRDA:1,91,0,0
BRDA:1,91,1,0
BRDA:1,92,0,0
BRDA:1,92,1,0
BRDA:1,93,0,0
BRDA:1,93,1,0
BRDA:1,94,0,0
BRDA:1,94,1,0
BRDA:1,95,0,0
BRDA:1,95,1,0
BRDA:1,96,0,0
BRDA:1,96,1,0
BRDA:1,97,0,0
BRDA:1,97,1,0
BRDA:1,98,0,0
BRDA:1,98,1,0
BRDA:1,99,0,0
BRDA:1,99,1,0
BRDA:1,100,0,0
BRDA:1,100,1,0
BRDA:1,101,0,0
BRDA:1,101,1,0
BRDA:1,102,0,0
BRDA:1,102,1,0
BRDA:1,103,0,0
BRDA:1,103,1,0
BRDA:1,104,0,0
BRDA:1,104,1,0
BRDA:1,105,0,0
BRDA:1,105,1,0
BRDA:1,106,0,0
BRDA:1,106,1,0
BRDA:1,107,0,0
BRDA:1,107,1,0
BRDA:1,108,0,0
BRDA:1,108,1,0
BRDA:1,109,0,0
BRDA:1,109,1,0
BRDA:1,110,0,0
BRDA:1,110,1,0
BRDA:1,111,0,0
BRDA:1,111,1,0
BRDA:1,112,0,0
BRDA:1,112,1,0
BRDA:1,113,0,0
BRDA:1,113,1,0
BRDA:1,114,0,0
BRDA:1,114,1,0
BRDA:1,115,0,0
BRDA:1,115,1,0
BRDA:1,116,0,0
BRDA:1,116,1,0
BRDA:1,117,0,0
BRDA:1,117,1,0
BRDA:1,118,0,0
BRDA:1,118,1,0
BRDA:1,119,0,0
BRDA:1,119,1,0
BRDA:1,120,0,0
BRDA:1,120,1,0
BRDA:1,121,0,0
BRDA:1,121,1,0
BRDA:1,122,0,0
BRDA:1,122,1,0
BRDA:1,122,2,0
BRDA:1,122,3,0
BRDA:1,123,0,0
BRDA:1,123,1,0
BRDA:1,124,0,0
BRDA:1,124,1,0
BRDA:1,125,0,0
BRDA:1,125,1,0
BRDA:1,126,0,0
BRDA:1,126,1,0
BRDA:1,127,0,0
BRDA:1,127,1,0
BRDA:1,128,0,0
BRDA:1,128,1,0
BRDA:1,129,0,0
BRDA:1,129,1,0
BRDA:1,130,0,0
BRDA:1,130,1,0
BRDA:1,131,0,0
BRDA:1,131,1,0
BRDA:1,132,0,0
BRDA:1,132,1,0
BRDA:1,133,0,0
BRDA:1,133,1,0
BRDA:1,134,0,0
BRDA:1,134,1,0
BRDA:1,135,0,0
BRDA:1,135,1,0
BRDA:1,135,2,0
BRDA:1,136,0,0
BRDA:1,136,1,0
BRDA:1,137,0,0
BRDA:1,137,1,0
BRDA:1,137,2,0
BRDA:1,137,3,0
BRDA:1,137,4,0
BRDA:1,138,0,0
BRDA:1,138,1,0
BRDA:1,138,2,0
BRDA:1,138,3,0
BRDA:1,139,0,0
BRDA:1,139,1,0
BRDA:1,140,0,0
BRDA:1,140,1,0
BRDA:1,141,0,0
BRDA:1,141,1,0
BRDA:1,142,0,0
BRDA:1,142,1,0
BRDA:1,143,0,0
BRDA:1,143,1,0
BRDA:1,144,0,0
BRDA:1,144,1,0
BRDA:1,145,0,0
BRDA:1,145,1,0
BRDA:1,146,0,0
BRDA:1,146,1,0
BRDA:1,147,0,0
BRDA:1,147,1,0
BRDA:1,147,2,0
BRDA:1,148,0,0
BRDA:1,148,1,0
BRDA:1,148,2,0
BRDA:1,149,0,0
BRDA:1,149,1,0
BRDA:1,149,2,0
BRDA:1,150,0,0
BRDA:1,150,1,0
BRDA:1,151,0,0
BRDA:1,151,1,0
BRDA:1,152,0,0
BRDA:1,152,1,0
BRDA:1,153,0,0
BRDA:1,153,1,0
BRDA:1,154,0,0
BRDA:1,154,1,0
BRDA:1,155,0,0
BRDA:1,155,1,0
BRDA:1,156,0,0
BRDA:1,156,1,0
BRDA:1,157,0,0
BRDA:1,157,1,0
BRDA:1,158,0,0
BRDA:1,158,1,0
BRDA:1,159,0,0
BRDA:1,159,1,0
BRDA:1,160,0,0
BRDA:1,160,1,0
BRDA:1,161,0,0
BRDA:1,161,1,0
BRDA:1,162,0,0
BRDA:1,162,1,0
BRDA:1,163,0,0
BRDA:1,163,1,0
BRDA:1,164,0,0
BRDA:1,164,1,0
BRDA:1,164,2,0
BRDA:1,165,0,0
BRDA:1,165,1,0
BRDA:1,166,0,0
BRDA:1,166,1,0
BRDA:1,167,0,0
BRDA:1,167,1,0
BRDA:1,168,0,0
BRDA:1,168,1,0
BRDA:1,169,0,0
BRDA:1,169,1,0
BRDA:1,170,0,0
BRDA:1,170,1,0
BRDA:1,171,0,0
BRDA:1,171,1,0
BRDA:1,172,0,0
BRDA:1,172,1,0
BRDA:1,172,2,0
BRDA:1,173,0,0
BRDA:1,173,1,0
BRDA:1,174,0,0
BRDA:1,174,1,0
BRDA:1,175,0,0
BRDA:1,175,1,0
BRDA:1,176,0,0
BRDA:1,176,1,0
BRDA:1,177,0,0
BRDA:1,177,1,0
BRDA:1,178,0,0
BRDA:1,178,1,0
BRDA:1,178,2,0
BRDA:1,178,3,0
BRDA:1,178,4,0
BRDA:1,178,5,0
BRDA:1,178,6,0
BRDA:1,178,7,0
BRDA:1,178,8,0
BRDA:1,178,9,0
BRDA:1,179,0,0
BRDA:1,179,1,0
BRDA:1,180,0,0
BRDA:1,180,1,0
BRDA:1,180,2,0
BRDA:1,180,3,0
BRDA:1,181,0,0
BRDA:1,181,1,0
BRDA:1,182,0,0
BRDA:1,182,1,0
BRDA:1,183,0,0
BRDA:1,183,1,0
BRDA:1,183,2,0
BRDA:1,184,0,0
BRDA:1,184,1,0
BRDA:1,185,0,0
BRDA:1,185,1,0
BRDA:1,186,0,0
BRDA:1,186,1,0
BRDA:1,186,2,0
BRDA:1,187,0,0
BRDA:1,187,1,0
BRDA:1,188,0,0
BRDA:1,188,1,0
BRDA:1,189,0,0
BRDA:1,189,1,0
BRDA:1,190,0,0
BRDA:1,190,1,0
BRDA:1,191,0,0
BRDA:1,191,1,0
BRDA:1,192,0,0
BRDA:1,192,1,0
BRDA:1,192,2,0
BRDA:1,193,0,0
BRDA:1,193,1,0
BRDA:1,194,0,0
BRDA:1,194,1,0
BRDA:1,195,0,0
BRDA:1,195,1,0
BRDA:1,196,0,0
BRDA:1,196,1,0
BRDA:1,197,0,0
BRDA:1,197,1,0
BRDA:1,198,0,0
BRDA:1,198,1,0
BRDA:1,198,2,0
BRDA:1,199,0,0
BRDA:1,199,1,0
BRDA:1,200,0,0
BRDA:1,200,1,0
BRDA:1,201,0,0
BRDA:1,201,1,0
BRDA:1,202,0,0
BRDA:1,202,1,0
BRDA:1,203,0,0
BRDA:1,203,1,0
BRDA:1,204,0,0
BRDA:1,204,1,0
BRDA:1,205,0,0
BRDA:1,205,1,0
BRDA:1,206,0,0
BRDA:1,206,1,0
BRDA:1,207,0,0
BRDA:1,207,1,0
BRDA:1,208,0,0
BRDA:1,208,1,0
BRDA:1,209,0,0
BRDA:1,209,1,0
BRDA:1,210,0,0
BRDA:1,210,1,0
BRDA:1,211,0,0
BRDA:1,211,1,0
BRDA:1,212,0,0
BRDA:1,212,1,0
BRDA:1,213,0,0
BRDA:1,213,1,0
BRDA:1,214,0,0
BRDA:1,214,1,0
BRDA:1,215,0,0
BRDA:1,215,1,0
BRDA:1,216,0,0
BRDA:1,216,1,0
BRDA:1,217,0,0
BRDA:1,217,1,0
BRDA:1,218,0,0
BRDA:1,218,1,0
BRDA:1,219,0,0
BRDA:1,219,1,0
BRDA:1,220,0,0
BRDA:1,220,1,0
BRDA:1,221,0,0
BRDA:1,221,1,0
BRDA:1,222,0,0
BRDA:1,222,1,0
BRDA:1,223,0,0
BRDA:1,223,1,0
BRDA:1,224,0,0
BRDA:1,224,1,0
BRDA:1,225,0,0
BRDA:1,225,1,0
BRDA:1,226,0,0
BRDA:1,226,1,0
BRDA:1,227,0,0
BRDA:1,227,1,0
BRDA:1,228,0,0
BRDA:1,228,1,0
BRDA:1,229,0,0
BRDA:1,229,1,0
BRDA:1,230,0,0
BRDA:1,230,1,0
BRDA:1,231,0,0
BRDA:1,231,1,0
BRDA:1,232,0,0
BRDA:1,232,1,0
BRDA:1,233,0,0
BRDA:1,233,1,0
BRDA:1,234,0,0
BRDA:1,234,1,0
BRDA:1,235,0,0
BRDA:1,235,1,0
BRDA:1,236,0,0
BRDA:1,236,1,0
BRDA:1,237,0,0
BRDA:1,237,1,0
BRDA:1,238,0,0
BRDA:1,238,1,0
BRDA:1,239,0,0
BRDA:1,239,1,0
BRDA:1,240,0,0
BRDA:1,240,1,0
BRDA:1,241,0,0
BRDA:1,241,1,0
BRDA:1,242,0,0
BRDA:1,242,1,0
BRDA:1,243,0,0
BRDA:1,243,1,0
BRDA:1,244,0,0
BRDA:1,244,1,0
BRDA:1,245,0,0
BRDA:1,245,1,0
BRDA:1,246,0,0
BRDA:1,246,1,0
BRDA:1,247,0,0
BRDA:1,247,1,0
BRDA:1,248,0,0
BRDA:1,248,1,0
BRDA:1,249,0,0
BRDA:1,249,1,0
BRDA:1,250,0,0
BRDA:1,250,1,0
BRDA:1,251,0,0
BRDA:1,251,1,0
BRDA:1,252,0,0
BRDA:1,252,1,0
BRDA:1,253,0,0
BRDA:1,253,1,0
BRDA:1,254,0,0
BRDA:1,254,1,0
BRDA:1,255,0,0
BRDA:1,255,1,0
BRDA:1,256,0,0
BRDA:1,256,1,0
BRDA:1,257,0,0
BRDA:1,257,1,0
BRDA:1,258,0,0
BRDA:1,258,1,0
BRDA:1,259,0,0
BRDA:1,259,1,0
BRDA:1,259,2,0
BRDA:1,260,0,0
BRDA:1,260,1,0
BRDA:1,261,0,0
BRDA:1,261,1,0
BRDA:1,262,0,0
BRDA:1,262,1,0
BRDA:1,263,0,0
BRDA:1,263,1,0
BRDA:1,263,2,0
BRDA:1,264,0,0
BRDA:1,264,1,0
BRDA:1,265,0,0
BRDA:1,265,1,0
BRDA:1,266,0,0
BRDA:1,266,1,0
BRDA:1,267,0,0
BRDA:1,267,1,0
BRDA:1,268,0,0
BRDA:1,268,1,0
BRDA:1,269,0,0
BRDA:1,269,1,0
BRDA:1,270,0,0
BRDA:1,270,1,0
BRDA:1,271,0,0
BRDA:1,271,1,0
BRDA:1,272,0,0
BRDA:1,272,1,0
BRDA:1,273,0,0
BRDA:1,273,1,0
BRDA:1,274,0,0
BRDA:1,274,1,0
BRDA:1,275,0,0
BRDA:1,275,1,0
BRDA:1,276,0,0
BRDA:1,276,1,0
BRDA:1,277,0,0
BRDA:1,277,1,0
BRDA:1,278,0,0
BRDA:1,278,1,0
BRDA:1,278,2,0
BRDA:1,279,0,0
BRDA:1,279,1,0
BRDA:1,280,0,0
BRDA:1,280,1,0
BRDA:1,281,0,0
BRDA:1,281,1,0
BRDA:1,282,0,0
BRDA:1,282,1,0
BRDA:1,283,0,0
BRDA:1,283,1,0
BRDA:1,284,0,0
BRDA:1,284,1,0
BRDA:1,285,0,0
BRDA:1,285,1,0
BRDA:1,286,0,0
BRDA:1,286,1,0
BRDA:1,287,0,0
BRDA:1,287,1,0
BRDA:1,288,0,0
BRDA:1,288,1,0
BRDA:1,289,0,0
BRDA:1,289,1,0
BRDA:1,290,0,0
BRDA:1,290,1,0
BRDA:1,290,2,0
BRDA:1,291,0,0
BRDA:1,291,1,0
BRDA:1,292,0,0
BRDA:1,292,1,0
BRDA:1,293,0,0
BRDA:1,293,1,0
BRDA:1,294,0,0
BRDA:1,294,1,0
BRDA:1,295,0,0
BRDA:1,295,1,0
BRDA:1,296,0,0
BRDA:1,296,1,0
BRDA:1,297,0,0
BRDA:1,297,1,0
BRDA:1,298,0,0
BRDA:1,298,1,0
BRDA:1,299,0,0
BRDA:1,299,1,0
BRDA:1,300,0,0
BRDA:1,300,1,0
BRDA:1,301,0,0
BRDA:1,301,1,0
BRDA:1,302,0,0
BRDA:1,302,1,0
BRDA:1,303,0,0
BRDA:1,303,1,0
BRDA:1,303,2,0
BRDA:1,303,3,0
BRDA:1,303,4,0
BRDA:1,304,0,0
BRDA:1,304,1,0
BRDA:1,305,0,0
BRDA:1,305,1,0
BRDA:1,306,0,0
BRDA:1,306,1,0
BRDA:1,306,2,0
BRDA:1,307,0,0
BRDA:1,307,1,0
BRDA:1,308,0,0
BRDA:1,308,1,0
BRDA:1,309,0,0
BRDA:1,309,1,0
BRDA:1,310,0,0
BRDA:1,310,1,0
BRDA:1,311,0,0
BRDA:1,311,1,0
BRDA:1,312,0,0
BRDA:1,312,1,0
BRDA:1,312,2,0
BRDA:1,313,0,0
BRDA:1,313,1,0
BRDA:1,314,0,0
BRDA:1,314,1,0
BRDA:1,314,2,0
BRDA:1,315,0,0
BRDA:1,315,1,0
BRDA:1,316,0,0
BRDA:1,316,1,0
BRDA:1,317,0,0
BRDA:1,317,1,0
BRDA:1,317,2,0
BRDA:1,318,0,0
BRDA:1,318,1,0
BRDA:1,318,2,0
BRDA:1,319,0,0
BRDA:1,319,1,0
BRDA:1,320,0,0
BRDA:1,320,1,0
BRDA:1,320,2,0
BRDA:1,320,3,0
BRDA:1,321,0,0
BRDA:1,321,1,0
BRDA:1,322,0,0
BRDA:1,322,1,0
BRDA:1,323,0,0
BRDA:1,323,1,0
BRDA:1,324,0,0
BRDA:1,324,1,0
BRDA:1,325,0,0
BRDA:1,325,1,0
BRDA:1,326,0,0
BRDA:1,326,1,0
BRDA:1,327,0,0
BRDA:1,327,1,0
BRDA:1,328,0,0
BRDA:1,328,1,0
BRDA:1,329,0,0
BRDA:1,329,1,0
BRDA:1,330,0,0
BRDA:1,330,1,0
BRDA:1,330,2,0
BRDA:1,331,0,0
BRDA:1,331,1,0
BRDA:1,332,0,0
BRDA:1,332,1,0
BRDA:1,333,0,0
BRDA:1,333,1,0
BRDA:1,334,0,0
BRDA:1,334,1,0
BRDA:1,335,0,0
BRDA:1,335,1,0
BRDA:1,336,0,0
BRDA:1,336,1,0
BRDA:1,337,0,0
BRDA:1,337,1,0
BRDA:1,338,0,0
BRDA:1,338,1,0
BRDA:1,339,0,0
BRDA:1,339,1,0
BRDA:1,340,0,0
BRDA:1,340,1,0
BRDA:1,341,0,0
BRDA:1,341,1,0
BRDA:1,342,0,0
BRDA:1,342,1,0
BRDA:1,343,0,0
BRDA:1,343,1,0
BRDA:1,344,0,0
BRDA:1,344,1,0
BRDA:1,345,0,0
BRDA:1,345,1,0
BRDA:1,346,0,0
BRDA:1,346,1,0
BRDA:1,347,0,0
BRDA:1,347,1,0
BRDA:1,348,0,0
BRDA:1,348,1,0
BRDA:1,349,0,0
BRDA:1,349,1,0
BRDA:1,350,0,0
BRDA:1,350,1,0
BRDA:1,351,0,0
BRDA:1,351,1,0
BRDA:1,352,0,0
BRDA:1,352,1,0
BRDA:1,353,0,0
BRDA:1,353,1,0
BRDA:1,354,0,0
BRDA:1,354,1,0
BRDA:1,355,0,0
BRDA:1,355,1,0
BRDA:1,356,0,0
BRDA:1,356,1,0
BRDA:1,357,0,0
BRDA:1,357,1,0
BRDA:1,358,0,0
BRDA:1,358,1,0
BRDA:1,359,0,0
BRDA:1,359,1,0
BRDA:1,360,0,0
BRDA:1,360,1,0
BRDA:1,361,0,0
BRDA:1,361,1,0
BRDA:1,362,0,0
BRDA:1,362,1,0
BRDA:1,363,0,0
BRDA:1,363,1,0
BRDA:1,364,0,0
BRDA:1,364,1,0
BRDA:1,365,0,0
BRDA:1,365,1,0
BRDA:1,366,0,0
BRDA:1,366,1,0
BRDA:1,367,0,0
BRDA:1,367,1,0
BRDA:1,368,0,0
BRDA:1,368,1,0
BRDA:1,369,0,0
BRDA:1,369,1,0
BRDA:1,370,0,0
BRDA:1,370,1,0
BRDA:1,371,0,0
BRDA:1,371,1,0
BRDA:1,372,0,0
BRDA:1,372,1,0
BRDA:1,373,0,0
BRDA:1,373,1,0
BRDA:1,374,0,0
BRDA:1,374,1,0
BRDA:1,375,0,0
BRDA:1,375,1,0
BRDA:1,376,0,0
BRDA:1,376,1,0
BRDA:1,377,0,0
BRDA:1,377,1,0
BRDA:1,378,0,0
BRDA:1,378,1,0
BRDA:1,379,0,0
BRDA:1,379,1,0
BRDA:1,380,0,0
BRDA:1,380,1,0
BRDA:1,381,0,0
BRDA:1,381,1,0
BRDA:1,382,0,0
BRDA:1,382,1,0
BRDA:1,383,0,0
BRDA:1,383,1,0
BRDA:1,384,0,0
BRDA:1,384,1,0
BRDA:1,385,0,0
BRDA:1,385,1,0
BRDA:1,386,0,0
BRDA:1,386,1,0
BRDA:1,387,0,0
BRDA:1,387,1,0
BRDA:1,388,0,0
BRDA:1,388,1,0
BRDA:1,388,2,0
BRDA:1,389,0,0
BRDA:1,389,1,0
BRDA:1,389,2,0
BRDA:1,390,0,0
BRDA:1,390,1,0
BRDA:1,391,0,0
BRDA:1,391,1,0
BRDA:1,391,2,0
BRDA:1,392,0,0
BRDA:1,392,1,0
BRDA:1,393,0,0
BRDA:1,393,1,0
BRDA:1,394,0,0
BRDA:1,394,1,0
BRDA:1,395,0,0
BRDA:1,395,1,0
BRDA:1,395,2,0
BRDA:1,395,3,0
BRDA:1,396,0,0
BRDA:1,396,1,0
BRDA:1,397,0,0
BRDA:1,397,1,0
BRDA:1,398,0,0
BRDA:1,398,1,0
BRDA:1,399,0,0
BRDA:1,399,1,0
BRDA:1,399,2,0
BRDA:1,400,0,0
BRDA:1,400,1,0
BRDA:1,401,0,0
BRDA:1,401,1,0
BRDA:1,402,0,0
BRDA:1,402,1,0
BRDA:1,403,0,0
BRDA:1,403,1,0
BRDA:1,404,0,0
BRDA:1,404,1,0
BRDA:1,405,0,0
BRDA:1,405,1,0
BRDA:1,406,0,0
BRDA:1,406,1,0
BRDA:1,407,0,0
BRDA:1,407,1,0
BRDA:1,408,0,0
BRDA:1,408,1,0
BRDA:1,409,0,0
BRDA:1,409,1,0
BRDA:1,410,0,0
BRDA:1,410,1,0
BRDA:1,411,0,0
BRDA:1,411,1,0
BRDA:1,411,2,0
BRDA:1,412,0,0
BRDA:1,412,1,0
BRDA:1,413,0,0
BRDA:1,413,1,0
BRDA:1,414,0,0
BRDA:1,414,1,0
BRDA:1,415,0,0
BRDA:1,415,1,0
BRDA:1,416,0,0
BRDA:1,416,1,0
BRDA:1,417,0,0
BRDA:1,417,1,0
BRDA:1,418,0,0
BRDA:1,418,1,0
BRDA:1,419,0,0
BRDA:1,419,1,0
BRDA:1,420,0,0
BRDA:1,420,1,0
BRDA:2,421,0,0
BRDA:2,421,1,0
BRDA:2,422,0,0
BRDA:2,422,1,0
BRDA:2,423,0,0
BRDA:2,423,1,0
BRDA:2,424,0,0
BRDA:2,424,1,0
BRDA:2,425,0,0
BRDA:2,425,1,0
BRDA:2,425,2,0
BRDA:2,425,3,0
BRDA:2,426,0,0
BRDA:2,426,1,0
BRDA:2,427,0,0
BRDA:2,427,1,0
BRDA:2,428,0,0
BRDA:2,428,1,0
BRDA:2,429,0,0
BRDA:2,429,1,0
BRDA:2,430,0,0
BRDA:2,430,1,0
BRDA:2,431,0,0
BRDA:2,431,1,0
BRDA:2,432,0,0
BRDA:2,432,1,0
BRDA:2,433,0,0
BRDA:2,433,1,0
BRDA:2,434,0,0
BRDA:2,434,1,0
BRDA:2,435,0,0
BRDA:2,435,1,0
BRDA:2,436,0,0
BRDA:2,436,1,0
BRDA:2,437,0,0
BRDA:2,437,1,0
BRDA:2,438,0,0
BRDA:2,438,1,0
BRDA:2,439,0,0
BRDA:2,439,1,0
BRDA:2,440,0,0
BRDA:2,440,1,0
BRDA:2,441,0,0
BRDA:2,441,1,0
BRDA:2,442,0,0
BRDA:2,442,1,0
BRDA:2,443,0,0
BRDA:2,443,1,0
BRDA:2,444,0,0
BRDA:2,444,1,0
BRDA:2,445,0,0
BRDA:2,445,1,0
BRDA:2,446,0,0
BRDA:2,446,1,0
BRDA:2,447,0,0
BRDA:2,447,1,0
BRDA:2,448,0,0
BRDA:2,448,1,0
BRDA:2,449,0,0
BRDA:2,449,1,0
BRDA:2,450,0,0
BRDA:2,450,1,0
BRDA:2,451,0,0
BRDA:2,451,1,0
BRDA:2,452,0,0
BRDA:2,452,1,0
BRDA:2,453,0,0
BRDA:2,453,1,0
BRDA:2,454,0,0
BRDA:2,454,1,0
BRDA:2,455,0,0
BRDA:2,455,1,0
BRDA:2,456,0,0
BRDA:2,456,1,0
BRDA:2,457,0,0
BRDA:2,457,1,0
BRDA:2,458,0,0
BRDA:2,458,1,0
BRDA:2,459,0,0
BRDA:2,459,1,0
BRDA:2,460,0,0
BRDA:2,460,1,0
BRDA:2,461,0,0
BRDA:2,461,1,0
BRDA:2,462,0,0
BRDA:2,462,1,0
BRDA:2,463,0,0
BRDA:2,463,1,0
BRDA:2,464,0,0
BRDA:2,464,1,0
BRDA:2,465,0,0
BRDA:2,465,1,0
BRDA:2,466,0,0
BRDA:2,466,1,0
BRDA:2,467,0,0
BRDA:2,467,1,0
BRDA:2,468,0,0
BRDA:2,468,1,0
BRDA:2,469,0,0
BRDA:2,469,1,0
BRDA:2,470,0,0
BRDA:2,470,1,0
BRDA:2,471,0,0
BRDA:2,471,1,0
BRDA:2,472,0,0
BRDA:2,472,1,0
BRDA:2,473,0,0
BRDA:2,473,1,0
BRDA:2,474,0,0
BRDA:2,474,1,0
BRDA:2,475,0,0
BRDA:2,475,1,0
BRDA:2,475,2,0
BRDA:2,476,0,0
BRDA:2,476,1,0
BRDA:2,476,2,0
BRDA:2,477,0,0
BRDA:2,477,1,0
BRDA:2,478,0,0
BRDA:2,478,1,0
BRDA:2,479,0,0
BRDA:2,479,1,0
BRDA:2,480,0,0
BRDA:2,480,1,0
BRDA:2,481,0,0
BRDA:2,481,1,0
BRDA:2,482,0,0
BRDA:2,482,1,0
BRDA:2,483,0,0
BRDA:2,483,1,0
BRDA:2,484,0,0
BRDA:2,484,1,0
BRDA:2,485,0,0
BRDA:2,485,1,0
BRDA:2,486,0,0
BRDA:2,486,1,0
BRDA:2,487,0,0
BRDA:2,487,1,0
BRDA:2,488,0,0
BRDA:2,488,1,0
BRDA:2,489,0,0
BRDA:2,489,1,0
BRDA:2,490,0,0
BRDA:2,490,1,0
BRDA:2,491,0,0
BRDA:2,491,1,0
BRDA:2,492,0,0
BRDA:2,492,1,0
BRDA:2,493,0,0
BRDA:2,493,1,0
BRDA:2,494,0,0
BRDA:2,494,1,0
BRDA:2,494,2,0
BRDA:2,495,0,0
BRDA:2,495,1,0
BRDA:2,496,0,0
BRDA:2,496,1,0
BRDA:2,497,0,0
BRDA:2,497,1,0
BRDA:2,498,0,0
BRDA:2,498,1,0
BRDA:2,499,0,0
BRDA:2,499,1,0
BRDA:2,500,0,0
BRDA:2,500,1,0
BRDA:2,501,0,0
BRDA:2,501,1,0
BRDA:2,502,0,0
BRDA:2,502,1,0
BRDA:2,503,0,0
BRDA:2,503,1,0
BRDA:2,504,0,0
BRDA:2,504,1,0
BRDA:2,505,0,0
BRDA:2,505,1,0
BRDA:2,506,0,0
BRDA:2,506,1,0
BRDA:2,507,0,0
BRDA:2,507,1,0
BRDA:2,508,0,0
BRDA:2,508,1,0
BRDA:2,509,0,0
BRDA:2,509,1,0
BRDA:2,510,0,0
BRDA:2,510,1,0
BRDA:2,511,0,0
BRDA:2,511,1,0
BRDA:2,512,0,0
BRDA:2,512,1,0
BRDA:2,513,0,0
BRDA:2,513,1,0
BRDA:2,513,2,0
BRDA:2,514,0,0
BRDA:2,514,1,0
BRDA:2,515,0,0
BRDA:2,515,1,0
BRDA:2,516,0,0
BRDA:2,516,1,0
BRDA:2,517,0,0
BRDA:2,517,1,0
BRDA:2,518,0,0
BRDA:2,518,1,0
BRDA:2,519,0,0
BRDA:2,519,1,0
BRDA:2,519,2,0
BRDA:2,519,3,0
BRDA:2,519,4,0
BRDA:2,520,0,0
BRDA:2,520,1,0
BRDA:2,521,0,0
BRDA:2,521,1,0
BRDA:2,522,0,0
BRDA:2,522,1,0
BRDA:2,523,0,0
BRDA:2,523,1,0
BRDA:2,524,0,0
BRDA:2,524,1,0
BRDA:2,525,0,0
BRDA:2,525,1,0
BRDA:2,526,0,0
BRDA:2,526,1,0
BRDA:2,527,0,0
BRDA:2,527,1,0
BRDA:2,528,0,0
BRDA:2,528,1,0
BRDA:2,529,0,0
BRDA:2,529,1,0
BRDA:2,530,0,0
BRDA:2,530,1,0
BRDA:2,531,0,0
BRDA:2,531,1,0
BRDA:2,532,0,0
BRDA:2,532,1,0
BRDA:2,533,0,0
BRDA:2,533,1,0
BRDA:2,534,0,0
BRDA:2,534,1,0
BRDA:2,535,0,0
BRDA:2,535,1,0
BRDA:2,536,0,0
BRDA:2,536,1,0
BRDA:2,537,0,0
BRDA:2,537,1,0
BRDA:2,538,0,0
BRDA:2,538,1,0
BRDA:2,539,0,0
BRDA:2,539,1,0
BRDA:2,540,0,0
BRDA:2,540,1,0
BRDA:2,541,0,0
BRDA:2,541,1,0
BRDA:2,542,0,0
BRDA:2,542,1,0
BRDA:2,543,0,0
BRDA:2,543,1,0
BRDA:2,544,0,0
BRDA:2,544,1,0
BRDA:2,545,0,0
BRDA:2,545,1,0
BRDA:2,546,0,0
BRDA:2,546,1,0
BRDA:2,547,0,0
BRDA:2,547,1,0
BRDA:2,548,0,0
BRDA:2,548,1,0
BRDA:2,549,0,0
BRDA:2,549,1,0
BRDA:2,550,0,0
BRDA:2,550,1,0
BRDA:2,551,0,0
BRDA:2,551,1,0
BRDA:2,552,0,0
BRDA:2,552,1,0
BRDA:2,553,0,0
BRDA:2,553,1,0
BRDA:2,554,0,0
BRDA:2,554,1,0
BRDA:2,555,0,0
BRDA:2,555,1,0
BRDA:2,555,2,0
BRDA:2,555,3,0
BRDA:2,555,4,0
BRDA:2,556,0,0
BRDA:2,556,1,0
BRDA:2,556,2,0
BRDA:2,557,0,0
BRDA:2,557,1,0
BRDA:2,558,0,0
BRDA:2,558,1,0
BRDA:2,559,0,0
BRDA:2,559,1,0
BRDA:2,560,0,0
BRDA:2,560,1,0
BRDA:2,561,0,0
BRDA:2,561,1,0
BRDA:2,562,0,0
BRDA:2,562,1,0
BRDA:2,563,0,0
BRDA:2,563,1,0
BRDA:2,564,0,0
BRDA:2,564,1,0
BRDA:2,565,0,0
BRDA:2,565,1,0
BRDA:2,566,0,0
BRDA:2,566,1,0
BRDA:2,566,2,0
BRDA:2,566,3,0
BRDA:2,567,0,0
BRDA:2,567,1,0
BRDA:2,568,0,0
BRDA:2,568,1,0
BRDA:2,569,0,0
BRDA:2,569,1,0
BRDA:2,570,0,0
BRDA:2,570,1,0
BRDA:2,570,2,0
BRDA:2,570,3,0
BRDA:2,571,0,0
BRDA:2,571,1,0
BRDA:2,572,0,0
BRDA:2,572,1,0
BRDA:2,573,0,0
BRDA:2,573,1,0
BRDA:2,574,0,0
BRDA:2,574,1,0
BRDA:2,575,0,0
BRDA:2,575,1,0
BRDA:2,576,0,0
BRDA:2,576,1,0
BRDA:2,577,0,0
BRDA:2,577,1,0
BRDA:2,578,0,0
BRDA:2,578,1,0
BRDA:2,579,0,0
BRDA:2,579,1,0
BRDA:2,580,0,0
BRDA:2,580,1,0
BRDA:2,581,0,0
BRDA:2,581,1,0
BRDA:2,582,0,0
BRDA:2,582,1,0
BRDA:2,583,0,0
BRDA:2,583,1,0
BRDA:2,584,0,0
BRDA:2,584,1,0
BRDA:2,585,0,0
BRDA:2,585,1,0
BRDA:2,586,0,0
BRDA:2,586,1,0
BRDA:2,587,0,0
BRDA:2,587,1,0
BRDA:2,588,0,0
BRDA:2,588,1,0
BRDA:2,589,0,0
BRDA:2,589,1,0
BRDA:2,590,0,0
BRDA:2,590,1,0
BRDA:2,591,0,0
BRDA:2,591,1,0
BRDA:2,592,0,0
BRDA:2,592,1,0
BRDA:2,593,0,0
BRDA:2,593,1,0
BRDA:2,594,0,0
BRDA:2,594,1,0
BRDA:2,595,0,0
BRDA:2,595,1,0
BRDA:2,596,0,0
BRDA:2,596,1,0
BRDA:2,597,0,0
BRDA:2,597,1,0
BRDA:2,598,0,0
BRDA:2,598,1,0
BRDA:2,599,0,0
BRDA:2,599,1,0
BRDA:2,600,0,0
BRDA:2,600,1,0
BRDA:2,601,0,0
BRDA:2,601,1,0
BRDA:2,602,0,0
BRDA:2,602,1,0
BRDA:2,603,0,0
BRDA:2,603,1,0
BRDA:2,604,0,0
BRDA:2,604,1,0
BRDA:2,605,0,0
BRDA:2,605,1,0
BRDA:2,606,0,0
BRDA:2,606,1,0
BRDA:2,607,0,0
BRDA:2,607,1,0
BRDA:2,608,0,0
BRDA:2,608,1,0
BRDA:2,609,0,0
BRDA:2,609,1,0
BRDA:2,610,0,0
BRDA:2,610,1,0
BRDA:2,611,0,0
BRDA:2,611,1,0
BRDA:2,612,0,0
BRDA:2,612,1,0
BRDA:2,613,0,0
BRDA:2,613,1,0
BRDA:2,614,0,0
BRDA:2,614,1,0
BRDA:2,615,0,0
BRDA:2,615,1,0
BRDA:2,615,2,0
BRDA:2,616,0,0
BRDA:2,616,1,0
BRDA:2,617,0,0
BRDA:2,617,1,0
BRDA:2,618,0,0
BRDA:2,618,1,0
BRDA:2,619,0,0
BRDA:2,619,1,0
BRDA:2,620,0,0
BRDA:2,620,1,0
BRDA:2,621,0,0
BRDA:2,621,1,0
BRDA:2,622,0,0
BRDA:2,622,1,0
BRDA:2,623,0,0
BRDA:2,623,1,0
BRDA:2,624,0,0
BRDA:2,624,1,0
BRDA:2,624,2,0
BRDA:2,625,0,0
BRDA:2,625,1,0
BRDA:2,626,0,0
BRDA:2,626,1,0
BRDA:2,627,0,0
BRDA:2,627,1,0
BRDA:2,628,0,0
BRDA:2,628,1,0
BRDA:2,629,0,0
BRDA:2,629,1,0
BRDA:2,630,0,0
BRDA:2,630,1,0
BRDA:2,631,0,0
BRDA:2,631,1,0
BRDA:2,632,0,0
BRDA:2,632,1,0
BRDA:2,633,0,0
BRDA:2,633,1,0
BRDA:2,634,0,0
BRDA:2,634,1,0
BRDA:2,635,0,0
BRDA:2,635,1,0
BRDA:2,636,0,0
BRDA:2,636,1,0
BRDA:2,637,0,0
BRDA:2,637,1,0
BRDA:2,638,0,0
BRDA:2,638,1,0
BRDA:2,639,0,0
BRDA:2,639,1,0
BRDA:2,640,0,0
BRDA:2,640,1,0
BRDA:2,641,0,0
BRDA:2,641,1,0
BRDA:2,642,0,0
BRDA:2,642,1,0
BRDA:2,643,0,0
BRDA:2,643,1,0
BRDA:2,644,0,0
BRDA:2,644,1,0
BRDA:2,645,0,0
BRDA:2,645,1,0
BRDA:2,646,0,0
BRDA:2,646,1,0
BRDA:2,647,0,0
BRDA:2,647,1,0
BRDA:2,647,2,0
BRDA:2,648,0,0
BRDA:2,648,1,0
BRDA:2,649,0,0
BRDA:2,649,1,0
BRDA:2,650,0,0
BRDA:2,650,1,0
BRDA:2,650,2,0
BRDA:2,651,0,0
BRDA:2,651,1,0
BRDA:2,652,0,0
BRDA:2,652,1,0
BRDA:2,653,0,0
BRDA:2,653,1,0
BRDA:2,654,0,0
BRDA:2,654,1,0
BRDA:2,655,0,0
BRDA:2,655,1,0
BRDA:2,656,0,0
BRDA:2,656,1,0
BRDA:2,657,0,0
BRDA:2,657,1,0
BRDA:2,658,0,0
BRDA:2,658,1,0
BRDA:2,659,0,0
BRDA:2,659,1,0
BRDA:2,660,0,0
BRDA:2,660,1,0
BRDA:2,661,0,0
BRDA:2,661,1,0
BRDA:2,662,0,0
BRDA:2,662,1,0
BRDA:2,663,0,0
BRDA:2,663,1,0
BRDA:2,664,0,0
BRDA:2,664,1,0
BRDA:2,665,0,0
BRDA:2,665,1,0
BRDA:2,666,0,0
BRDA:2,666,1,0
BRDA:2,667,0,0
BRDA:2,667,1,0
BRDA:2,668,0,0
BRDA:2,668,1,0
BRDA:2,669,0,0
BRDA:2,669,1,0
BRDA:2,670,0,0
BRDA:2,670,1,0
BRDA:2,671,0,0
BRDA:2,671,1,0
BRDA:2,672,0,0
BRDA:2,672,1,0
BRDA:2,673,0,0
BRDA:2,673,1,0
BRDA:2,674,0,0
BRDA:2,674,1,0
BRDA:2,675,0,0
BRDA:2,675,1,0
BRDA:2,676,0,0
BRDA:2,676,1,0
BRDA:2,677,0,0
BRDA:2,677,1,0
BRDA:2,678,0,0
BRDA:2,678,1,0
BRDA:2,679,0,0
BRDA:2,679,1,0
BRDA:2,680,0,0
BRDA:2,680,1,0
BRDA:2,681,0,0
BRDA:2,681,1,0
BRDA:2,682,0,0
BRDA:2,682,1,0
BRDA:2,683,0,0
BRDA:2,683,1,0
BRDA:2,684,0,0
BRDA:2,684,1,0
BRDA:2,685,0,0
BRDA:2,685,1,0
BRDA:2,686,0,0
BRDA:2,686,1,0
BRDA:2,687,0,0
BRDA:2,687,1,0
BRDA:2,688,0,0
BRDA:2,688,1,0
BRDA:2,689,0,0
BRDA:2,689,1,0
BRDA:2,690,0,0
BRDA:2,690,1,0
BRDA:2,691,0,0
BRDA:2,691,1,0
BRDA:2,692,0,0
BRDA:2,692,1,0
BRDA:2,693,0,0
BRDA:2,693,1,0
BRDA:2,694,0,0
BRDA:2,694,1,0
BRDA:2,695,0,0
BRDA:2,695,1,0
BRDA:2,696,0,0
BRDA:2,696,1,0
BRDA:2,697,0,0
BRDA:2,697,1,0
BRDA:2,698,0,0
BRDA:2,698,1,0
BRDA:2,699,0,0
BRDA:2,699,1,0
BRDA:2,700,0,0
BRDA:2,700,1,0
BRDA:2,701,0,0
BRDA:2,701,1,0
BRDA:2,702,0,0
BRDA:2,702,1,0
BRDA:2,703,0,0
BRDA:2,703,1,0
BRDA:2,704,0,0
BRDA:2,704,1,0
BRDA:2,705,0,0
BRDA:2,705,1,0
BRDA:2,706,0,0
BRDA:2,706,1,0
BRDA:2,707,0,0
BRDA:2,707,1,0
BRDA:2,708,0,0
BRDA:2,708,1,0
BRDA:2,709,0,0
BRDA:2,709,1,0
BRDA:2,710,0,0
BRDA:2,710,1,0
BRDA:2,711,0,0
BRDA:2,711,1,0
BRDA:2,712,0,0
BRDA:2,712,1,0
BRDA:2,713,0,0
BRDA:2,713,1,0
BRDA:2,714,0,0
BRDA:2,714,1,0
BRDA:2,715,0,0
BRDA:2,715,1,0
BRDA:2,716,0,0
BRDA:2,716,1,0
BRDA:2,717,0,0
BRDA:2,717,1,0
BRDA:2,718,0,0
BRDA:2,718,1,0
BRDA:2,719,0,0
BRDA:2,719,1,0
BRDA:2,720,0,0
BRDA:2,720,1,0
BRDA:2,721,0,0
BRDA:2,721,1,0
BRDA:2,722,0,0
BRDA:2,722,1,0
BRDA:2,723,0,0
BRDA:2,723,1,0
BRDA:2,724,0,0
BRDA:2,724,1,0
BRDA:2,725,0,0
BRDA:2,725,1,0
BRDA:2,726,0,0
BRDA:2,726,1,0
BRDA:2,727,0,0
BRDA:2,727,1,0
BRDA:2,728,0,0
BRDA:2,728,1,0
BRDA:2,729,0,0
BRDA:2,729,1,0
BRDA:2,730,0,0
BRDA:2,730,1,0
BRDA:2,731,0,0
BRDA:2,731,1,0
BRDA:2,732,0,0
BRDA:2,732,1,0
BRDA:2,733,0,0
BRDA:2,733,1,0
BRDA:2,734,0,0
BRDA:2,734,1,0
BRDA:2,735,0,0
BRDA:2,735,1,0
BRDA:2,736,0,0
BRDA:2,736,1,0
BRDA:2,737,0,0
BRDA:2,737,1,0
BRDA:2,738,0,0
BRDA:2,738,1,0
BRDA:2,739,0,0
BRDA:2,739,1,0
BRDA:2,740,0,0
BRDA:2,740,1,0
BRDA:2,741,0,0
BRDA:2,741,1,0
BRDA:2,742,0,0
BRDA:2,742,1,0
BRDA:2,743,0,0
BRDA:2,743,1,0
BRDA:2,744,0,0
BRDA:2,744,1,0
BRDA:2,745,0,0
BRDA:2,745,1,0
BRDA:2,746,0,0
BRDA:2,746,1,0
BRDA:2,747,0,0
BRDA:2,747,1,0
BRDA:2,748,0,0
BRDA:2,748,1,0
BRDA:2,748,2,0
BRDA:2,749,0,0
BRDA:2,749,1,0
BRDA:2,750,0,0
BRDA:2,750,1,0
BRDA:2,751,0,0
BRDA:2,751,1,0
BRDA:2,752,0,0
BRDA:2,752,1,0
BRDA:2,753,0,0
BRDA:2,753,1,0
BRDA:2,754,0,0
BRDA:2,754,1,0
BRDA:2,755,0,0
BRDA:2,755,1,0
BRDA:2,756,0,0
BRDA:2,756,1,0
BRDA:2,757,0,0
BRDA:2,757,1,0
BRDA:2,758,0,0
BRDA:2,758,1,0
BRDA:2,759,0,0
BRDA:2,759,1,0
BRDA:3,760,0,0
BRDA:3,760,1,0
BRDA:3,761,0,0
BRDA:3,761,1,0
BRDA:3,762,0,0
BRDA:3,762,1,0
BRDA:3,763,0,0
BRDA:3,763,1,0
BRDA:3,764,0,0
BRDA:3,764,1,0
BRDA:3,765,0,0
BRDA:3,765,1,0
BRDA:3,766,0,0
BRDA:3,766,1,0
BRDA:3,767,0,0
BRDA:3,767,1,0
BRDA:3,768,0,0
BRDA:3,768,1,0
BRDA:3,769,0,0
BRDA:3,769,1,0
BRDA:3,770,0,0
BRDA:3,770,1,0
BRDA:3,771,0,0
BRDA:3,771,1,0
BRDA:3,772,0,0
BRDA:3,772,1,0
BRDA:3,773,0,0
BRDA:3,773,1,0
BRDA:3,774,0,0
BRDA:3,774,1,0
BRDA:3,775,0,0
BRDA:3,775,1,0
BRDA:3,776,0,0
BRDA:3,776,1,0
BRDA:3,777,0,0
BRDA:3,777,1,0
BRDA:3,777,2,0
BRDA:3,778,0,0
BRDA:3,778,1,0
BRDA:3,779,0,0
BRDA:3,779,1,0
BRDA:3,780,0,0
BRDA:3,780,1,0
BRDA:3,781,0,0
BRDA:3,781,1,0
BRDA:3,782,0,0
BRDA:3,782,1,0
BRDA:3,783,0,0
BRDA:3,783,1,0
BRDA:3,784,0,0
BRDA:3,784,1,0
BRDA:3,785,0,0
BRDA:3,785,1,0
BRDA:3,786,0,0
BRDA:3,786,1,0
BRDA:3,787,0,0
BRDA:3,787,1,0
BRDA:3,787,2,0
BRDA:3,788,0,0
BRDA:3,788,1,0
BRDA:3,789,0,0
BRDA:3,789,1,0
BRDA:3,790,0,0
BRDA:3,790,1,0
BRDA:3,791,0,0
BRDA:3,791,1,0
BRDA:3,792,0,0
BRDA:3,792,1,0
BRDA:3,793,0,0
BRDA:3,793,1,0
BRDA:3,794,0,0
BRDA:3,794,1,0
BRDA:3,795,0,0
BRDA:3,795,1,0
BRDA:3,796,0,0
BRDA:3,796,1,0
BRDA:3,797,0,0
BRDA:3,797,1,0
BRDA:3,798,0,0
BRDA:3,798,1,0
BRDA:3,799,0,0
BRDA:3,799,1,0
BRDA:3,800,0,0
BRDA:3,800,1,0
BRDA:3,801,0,0
BRDA:3,801,1,0
BRDA:3,802,0,0
BRDA:3,802,1,0
BRDA:3,803,0,0
BRDA:3,803,1,0
BRDA:3,804,0,0
BRDA:3,804,1,0
BRDA:3,805,0,0
BRDA:3,805,1,0
BRDA:3,806,0,0
BRDA:3,806,1,0
BRDA:3,807,0,0
BRDA:3,807,1,0
BRDA:3,808,0,0
BRDA:3,808,1,0
BRDA:3,809,0,0
BRDA:3,809,1,0
BRDA:3,810,0,0
BRDA:3,810,1,0
BRDA:3,811,0,0
BRDA:3,811,1,0
BRDA:3,812,0,0
BRDA:3,812,1,0
BRDA:3,813,0,0
BRDA:3,813,1,0
BRDA:3,814,0,0
BRDA:3,814,1,0
BRDA:3,815,0,0
BRDA:3,815,1,0
BRDA:3,816,0,0
BRDA:3,816,1,0
BRDA:3,817,0,0
BRDA:3,817,1,0
BRDA:3,818,0,0
BRDA:3,818,1,0
BRDA:3,819,0,0
BRDA:3,819,1,0
BRDA:3,820,0,0
BRDA:3,820,1,0
BRDA:3,821,0,0
BRDA:3,821,1,0
BRDA:3,821,2,0
BRDA:3,822,0,0
BRDA:3,822,1,0
BRDA:3,823,0,0
BRDA:3,823,1,0
BRDA:3,824,0,0
BRDA:3,824,1,0
BRDA:3,824,2,0
BRDA:3,825,0,0
BRDA:3,825,1,0
BRDA:3,826,0,0
BRDA:3,826,1,0
BRDA:3,827,0,0
BRDA:3,827,1,0
BRDA:3,828,0,0
BRDA:3,828,1,0
BRDA:3,828,2,0
BRDA:3,829,0,0
BRDA:3,829,1,0
BRDA:3,830,0,0
BRDA:3,830,1,0
BRDA:3,831,0,0
BRDA:3,831,1,0
BRDA:3,831,2,0
BRDA:3,832,0,0
BRDA:3,832,1,0
BRDA:3,833,0,0
BRDA:3,833,1,0
BRDA:3,834,0,0
BRDA:3,834,1,0
BRDA:3,835,0,0
BRDA:3,835,1,0
BRDA:3,836,0,0
BRDA:3,836,1,0
BRDA:3,837,0,0
BRDA:3,837,1,0
BRDA:3,838,0,0
BRDA:3,838,1,0
BRDA:3,839,0,0
BRDA:3,839,1,0
BRDA:3,840,0,0
BRDA:3,840,1,0
BRDA:3,841,0,0
BRDA:3,841,1,0
BRDA:3,842,0,0
BRDA:3,842,1,0
BRDA:3,843,0,0
BRDA:3,843,1,0
BRDA:3,844,0,0
BRDA:3,844,1,0
BRDA:3,845,0,0
BRDA:3,845,1,0
BRDA:3,846,0,0
BRDA:3,846,1,0
BRDA:3,847,0,0
BRDA:3,847,1,0
BRDA:3,848,0,0
BRDA:3,848,1,0
BRDA:3,849,0,0
BRDA:3,849,1,0
BRDA:3,850,0,0
BRDA:3,850,1,0
BRDA:3,851,0,0
BRDA:3,851,1,0
BRDA:3,852,0,0
BRDA:3,852,1,0
BRDA:3,853,0,0
BRDA:3,853,1,0
BRDA:3,854,0,0
BRDA:3,854,1,0
BRDA:3,855,0,0
BRDA:3,855,1,0
BRDA:3,856,0,0
BRDA:3,856,1,0
BRDA:3,857,0,0
BRDA:3,857,1,0
BRDA:3,858,0,0
BRDA:3,858,1,0
BRDA:3,859,0,0
BRDA:3,859,1,0
BRDA:3,860,0,0
BRDA:3,860,1,0
BRDA:3,861,0,0
BRDA:3,861,1,0
BRDA:3,862,0,0
BRDA:3,862,1,0
BRDA:3,863,0,0
BRDA:3,863,1,0
BRDA:3,864,0,0
BRDA:3,864,1,0
BRDA:3,865,0,0
BRDA:3,865,1,0
BRDA:3,866,0,0
BRDA:3,866,1,0
BRDA:3,867,0,0
BRDA:3,867,1,0
BRDA:3,868,0,0
BRDA:3,868,1,0
BRDA:3,869,0,0
BRDA:3,869,1,0
BRDA:3,870,0,0
[...]
BRDA:4,1040,0,0
BRDA:4,1040,1,0
BRDA:4,1041,0,0
BRDA:4,1041,1,0
BRDA:4,1042,0,0
BRDA:4,1042,1,0
BRDA:4,1043,0,0
BRDA:4,1043,1,0
BRDA:4,1044,0,0
BRDA:4,1044,1,0
BRDA:4,1045,0,0
BRDA:4,1045,1,0
BRDA:4,1046,0,0
BRDA:4,1046,1,0
BRDA:4,1047,0,0
BRDA:4,1047,1,0
BRDA:4,1048,0,0
BRDA:4,1048,1,0
BRDA:4,1049,0,0
BRDA:4,1049,1,0
BRDA:4,1050,0,0
BRDA:4,1050,1,0
BRDA:4,1051,0,0
BRDA:4,1051,1,0
BRDA:4,1052,0,0
BRDA:4,1052,1,0
BRDA:4,1053,0,0
BRDA:4,1053,1,0
BRDA:4,1054,0,0
BRDA:4,1054,1,0
BRDA:4,1055,0,0
BRDA:4,1055,1,0
BRDA:4,1056,0,0
BRDA:4,1056,1,0
BRDA:4,1057,0,0
BRDA:4,1057,1,0
BRDA:4,1058,0,0
BRDA:4,1058,1,0
BRDA:4,1059,0,0
BRDA:4,1059,1,0
BRDA:4,1060,0,0
BRDA:4,1060,1,0
BRDA:4,1061,0,0
BRDA:4,1061,1,0
BRDA:4,1062,0,0
BRDA:4,1062,1,0
BRDA:4,1063,0,0
BRDA:4,1063,1,0
BRDA:4,1064,0,0
BRDA:4,1064,1,0
BRDA:4,1065,0,0
BRDA:4,1065,1,0
BRDA:4,1066,0,0
BRDA:4,1066,1,0
BRDA:4,1067,0,0
BRDA:4,1067,1,0
BRDA:4,1068,0,0
BRDA:4,1068,1,0
BRDA:4,1069,0,0
BRDA:4,1069,1,0
BRDA:4,1070,0,0
BRDA:4,1070,1,0
BRDA:4,1071,0,0
BRDA:4,1071,1,0
BRDA:4,1072,0,0
BRDA:4,1072,1,0
BRDA:4,1073,0,0
BRDA:4,1073,1,0
BRDA:4,1074,0,0
BRDA:4,1074,1,0
BRDA:4,1075,0,0
BRDA:4,1075,1,0
BRDA:4,1076,0,0
BRDA:4,1076,1,0
BRDA:4,1077,0,0
BRDA:4,1077,1,0
BRDA:4,1078,0,0
BRDA:4,1078,1,0
BRDA:4,1079,0,0
BRDA:4,1079,1,0
BRDA:4,1080,0,0
BRDA:4,1080,1,0
BRDA:4,1081,0,0
BRDA:4,1081,1,0
BRDA:4,1082,0,0
BRDA:4,1082,1,0
BRDA:4,1083,0,0
BRDA:4,1083,1,0
BRDA:4,1084,0,0
BRDA:4,1084,1,0
BRDA:4,1085,0,0
BRDA:4,1085,1,0
BRDA:4,1086,0,0
BRDA:4,1086,1,0
BRDA:4,1086,2,0
BRDA:4,1087,0,0
BRDA:4,1087,1,0
BRDA:4,1088,0,0
BRDA:4,1088,1,0
BRDA:4,1088,2,0
BRDA:4,1088,3,0
BRDA:4,1089,0,0
BRDA:4,1089,1,0
BRDA:4,1090,0,0
BRDA:4,1090,1,0
BRDA:4,1090,2,0
BRDA:4,1090,3,0
BRDA:4,1091,0,0
BRDA:4,1091,1,0
BRDA:4,1092,0,0
BRDA:4,1092,1,0
BRDA:4,1093,0,0
BRDA:4,1093,1,0
BRDA:4,1094,0,0
BRDA:4,1094,1,0
BRDA:4,1095,0,0
BRDA:4,1095,1,0
BRDA:4,1096,0,0
BRDA:4,1096,1,0
BRDA:4,1096,2,0
BRDA:4,1097,0,0
BRDA:4,1097,1,0
BRDA:4,1098,0,0
BRDA:4,1098,1,0
BRDA:4,1099,0,0
BRDA:4,1099,1,0
BRDA:4,1100,0,0
BRDA:4,1100,1,0
BRDA:4,1101,0,0
BRDA:4,1101,1,0
BRDA:4,1102,0,0
BRDA:4,1102,1,0
BRDA:4,1103,0,0
BRDA:4,1103,1,0
BRDA:4,1104,0,0
BRDA:4,1104,1,0
BRDA:4,1105,0,0
BRDA:4,1105,1,0
BRDA:4,1106,0,0
BRDA:4,1106,1,0
BRDA:4,1107,0,0
BRDA:4,1107,1,0
BRDA:4,1108,0,0
BRDA:4,1108,1,0
BRDA:4,1109,0,0
BRDA:4,1109,1,0
BRDA:4,1110,0,0
BRDA:4,1110,1,0
BRDA:4,1111,0,0
BRDA:4,1111,1,0
BRDA:4,1112,0,0
BRDA:4,1112,1,0
BRDA:4,1113,0,0
BRDA:4,1113,1,0
BRDA:4,1114,0,0
BRDA:4,1114,1,0
BRDA:4,1115,0,0
BRDA:4,1115,1,0
BRDA:4,1116,0,0
BRDA:4,1116,1,0
BRDA:4,1117,0,0
BRDA:4,1117,1,0
BRDA:4,1118,0,0
BRDA:4,1118,1,0
BRDA:4,1119,0,0
BRDA:4,1119,1,0
BRDA:4,1120,0,0
BRDA:4,1120,1,0
BRDA:4,1121,0,0
BRDA:4,1121,1,0
BRDA:4,1122,0,0
BRDA:4,1122,1,0
BRDA:4,1123,0,0
BRDA:4,1123,1,0
BRDA:4,1124,0,0
BRDA:4,1124,1,0
BRDA:4,1125,0,0
BRDA:4,1125,1,0
BRDA:4,1126,0,0
BRDA:4,1126,1,0
BRDA:4,1127,0,0
BRDA:4,1127,1,0
BRDA:4,1128,0,0
BRDA:4,1128,1,0
BRDA:4,1129,0,0
BRDA:4,1129,1,0
BRDA:4,1130,0,0
BRDA:4,1130,1,0
BRDA:4,1131,0,0
BRDA:4,1131,1,0
BRDA:4,1132,0,0
BRDA:4,1132,1,0
BRDA:4,1133,0,0
BRDA:4,1133,1,0
BRDA:4,1134,0,0
BRDA:4,1134,1,0
BRDA:4,1135,0,0
BRDA:4,1135,1,0
BRDA:4,1136,0,0
BRDA:4,1136,1,0
BRDA:4,1137,0,0
BRDA:4,1137,1,0
BRDA:4,1138,0,0
BRDA:4,1138,1,0
BRDA:4,1139,0,0
BRDA:4,1139,1,0
BRDA:4,1140,0,0
BRDA:4,1140,1,0
BRDA:4,1141,0,0
BRDA:4,1141,1,0
BRDA:4,1142,0,0
BRDA:4,1142,1,0
BRDA:4,1143,0,0
BRDA:4,1143,1,0
BRDA:4,1144,0,0
BRDA:4,1144,1,0
BRDA:4,1145,0,0
BRDA:4,1145,1,0
BRDA:4,1145,2,0
BRDA:4,1146,0,0
BRDA:4,1146,1,0
BRDA:4,1147,0,0
BRDA:4,1147,1,0
BRDA:4,1148,0,0
BRDA:4,1148,1,0
BRDA:4,1149,0,0
BRDA:4,1149,1,0
BRDA:4,1150,0,0
BRDA:4,1150,1,0
BRDA:4,1151,0,0
BRDA:4,1151,1,0
BRDA:4,1152,0,0
BRDA:4,1152,1,0
BRDA:4,1153,0,0
BRDA:4,1153,1,0
BRDA:4,1154,0,0
BRDA:4,1154,1,0
BRDA:4,1155,0,0
BRDA:4,1155,1,0
BRDA:4,1156,0,0
BRDA:4,1156,1,0
BRDA:4,1157,0,0
BRDA:4,1157,1,0
BRDA:4,1158,0,0
BRDA:4,1158,1,0
BRDA:4,1159,0,0
BRDA:4,1159,1,0
BRDA:4,1160,0,0
BRDA:4,1160,1,0
BRDA:4,1161,0,0
BRDA:4,1161,1,0
BRDA:4,1162,0,0
BRDA:4,1162,1,0
BRDA:4,1163,0,0
BRDA:4,1163,1,0
BRDA:4,1164,0,0
BRDA:4,1164,1,0
BRDA:4,1165,0,0
BRDA:4,1165,1,0
BRDA:4,1166,0,0
BRDA:4,1166,1,0
BRDA:4,1167,0,0
BRDA:4,1167,1,0
BRDA:4,1168,0,0
BRDA:4,1168,1,0
BRDA:4,1169,0,0
BRDA:4,1169,1,0
BRDA:4,1170,0,0
BRDA:4,1170,1,0
BRDA:4,1171,0,0
BRDA:4,1171,1,0
BRDA:4,1172,0,0
BRDA:4,1172,1,0
BRDA:4,1173,0,0
BRDA:4,1173,1,0
BRDA:4,1174,0,0
BRDA:4,1174,1,0
BRDA:4,1175,0,0
BRDA:4,1175,1,0
BRDA:4,1176,0,0
BRDA:4,1176,1,0
BRDA:4,1177,0,0
BRDA:4,1177,1,0
BRDA:4,1177,2,0
BRDA:4,1177,3,0
BRDA:4,1178,0,0
BRDA:4,1178,1,0
BRDA:4,1178,2,0
BRDA:4,1179,0,0
BRDA:4,1179,1,0
BRDA:4,1180,0,0
BRDA:4,1180,1,0
BRDA:4,1181,0,0
BRDA:4,1181,1,0
BRDA:4,1181,2,0
BRDA:4,1181,3,0
BRDA:4,1182,0,0
BRDA:4,1182,1,0
BRDA:4,1182,2,0
BRDA:4,1183,0,0
BRDA:4,1183,1,0
BRDA:4,1184,0,0
BRDA:4,1184,1,0
BRDA:4,1185,0,0
BRDA:4,1185,1,0
BRDA:4,1186,0,0
BRDA:4,1186,1,0
BRDA:4,1186,2,0
BRDA:4,1186,3,0
BRDA:4,1187,0,0
BRDA:4,1187,1,0
BRDA:4,1188,0,0
BRDA:4,1188,1,0
BRDA:4,1189,0,0
BRDA:4,1189,1,0
BRDA:4,1190,0,0
BRDA:4,1190,1,0
BRDA:4,1190,2,0
BRDA:4,1190,3,0
BRDA:4,1191,0,0
BRDA:4,1191,1,0
BRDA:4,1192,0,0
BRDA:4,1192,1,0
BRDA:4,1193,0,0
BRDA:4,1193,1,0
BRDA:4,1194,0,0
BRDA:4,1194,1,0
BRDA:4,1195,0,0
BRDA:4,1195,1,0
BRDA:4,1196,0,0
BRDA:4,1196,1,0
BRDA:4,1197,0,0
BRDA:4,1197,1,0
BRDA:4,1198,0,0
BRDA:4,1198,1,0
BRDA:4,1199,0,0
BRDA:4,1199,1,0
BRDA:4,1200,0,0
BRDA:4,1200,1,0
BRDA:4,1201,0,0
BRDA:4,1201,1,0
BRDA:4,1202,0,0
BRDA:4,1202,1,0
BRDA:4,1203,0,0
BRDA:4,1203,1,0
BRDA:4,1204,0,0
BRDA:4,1204,1,0
BRDA:4,1205,0,0
BRDA:4,1205,1,0
BRDA:4,1206,0,0
BRDA:4,1206,1,0
BRDA:4,1207,0,0
BRDA:4,1207,1,0
BRDA:4,1208,0,0
BRDA:4,1208,1,0
BRDA:4,1209,0,0
BRDA:4,1209,1,0
BRDA:4,1210,0,0
BRDA:4,1210,1,0
BRDA:4,1211,0,0
BRDA:4,1211,1,0
BRDA:4,1212,0,0
BRDA:4,1212,1,0
BRDA:4,1213,0,0
BRDA:4,1213,1,0
BRDA:4,1214,0,0
BRDA:4,1214,1,0
BRDA:4,1215,0,0
BRDA:4,1215,1,0
BRDA:4,1216,0,0
BRDA:4,1216,1,0
BRDA:4,1217,0,0
BRDA:4,1217,1,0
BRDA:4,1218,0,0
BRDA:4,1218,1,0
BRDA:4,1219,0,0
BRDA:4,1219,1,0
BRDA:4,1220,0,0
BRDA:4,1220,1,0
BRDA:4,1221,0,0
BRDA:4,1221,1,0
BRDA:4,1222,0,0
BRDA:4,1222,1,0
BRDA:4,1223,0,0
BRDA:4,1223,1,0
BRDA:4,1224,0,0
BRDA:4,1224,1,0
BRDA:4,1225,0,0
BRDA:4,1225,1,0
BRDA:4,1226,0,0
BRDA:4,1226,1,0
BRDA:4,1227,0,0
BRDA:4,1227,1,0
BRDA:4,1228,0,0
BRDA:4,1228,1,0
BRDA:4,1229,0,0
BRDA:4,1229,1,0
BRDA:4,1230,0,0
BRDA:4,1230,1,0
BRDA:4,1231,0,0
BRDA:4,1231,1,0
BRDA:4,1232,0,0
BRDA:4,1232,1,0
BRDA:4,1233,0,0
BRDA:4,1233,1,0
BRDA:4,1234,0,0
BRDA:4,1234,1,0
BRDA:4,1235,0,0
BRDA:4,1235,1,0
BRDA:4,1236,0,0
BRDA:4,1236,1,0
BRDA:4,1237,0,0
BRDA:4,1237,1,0
BRDA:4,1238,0,0
BRDA:4,1238,1,0
BRDA:4,1239,0,0
BRDA:4,1239,1,0
BRDA:4,1240,0,0
BRDA:4,1240,1,0
BRDA:4,1241,0,0
BRDA:4,1241,1,0
BRDA:4,1242,0,0
BRDA:4,1242,1,0
BRDA:4,1243,0,0
BRDA:4,1243,1,0
BRDA:4,1244,0,0
BRDA:4,1244,1,0
BRDA:4,1245,0,0
BRDA:4,1245,1,0
BRDA:4,1245,2,0
BRDA:4,1246,0,0
BRDA:4,1246,1,0
BRDA:4,1247,0,0
BRDA:4,1247,1,0
BRDA:4,1248,0,0
BRDA:4,1248,1,0
BRDA:4,1249,0,0
BRDA:4,1249,1,0
BRDA:4,1250,0,0
BRDA:4,1250,1,0
BRDA:4,1251,0,0
BRDA:4,1251,1,0
BRDA:4,1252,0,0
BRDA:4,1252,1,0
BRDA:4,1253,0,0
BRDA:4,1253,1,0
BRDA:4,1254,0,0
BRDA:4,1254,1,0
BRDA:4,1255,0,0
BRDA:4,1255,1,0
BRDA:4,1256,0,0
BRDA:4,1256,1,0
BRDA:4,1257,0,0
BRDA:4,1257,1,0
BRDA:4,1258,0,0
BRDA:4,1258,1,0
BRDA:4,1259,0,0
BRDA:4,1259,1,0
BRDA:4,1260,0,0
BRDA:4,1260,1,0
BRDA:4,1261,0,0
BRDA:4,1261,1,0
BRDA:4,1261,2,0
BRDA:4,1262,0,0
BRDA:4,1262,1,0
BRDA:4,1263,0,0
BRDA:4,1263,1,0
BRDA:4,1264,0,0
BRDA:4,1264,1,0
BRDA:4,1265,0,0
BRDA:4,1265,1,0
BRDA:4,1266,0,0
BRDA:4,1266,1,0
BRDA:4,1267,0,0
BRDA:4,1267,1,0
BRDA:4,1268,0,0
BRDA:4,1268,1,0
BRDA:4,1269,0,0
BRDA:4,1269,1,0
BRDA:4,1270,0,0
BRDA:4,1270,1,0
BRDA:4,1271,0,0
BRDA:4,1271,1,0
BRDA:4,1272,0,0
BRDA:4,1272,1,0
BRDA:4,1273,0,0
BRDA:4,1273,1,0
BRDA:4,1274,0,0
BRDA:4,1274,1,0
BRDA:4,1275,0,0
BRDA:4,1275,1,0
BRDA:4,1276,0,0
BRDA:4,1276,1,0
BRDA:4,1277,0,0
BRDA:4,1277,1,0
BRDA:4,1278,0,0
BRDA:4,1278,1,0
BRDA:4,1279,0,0
BRDA:4,1279,1,0
BRDA:4,1280,0,0
BRDA:4,1280,1,0
BRDA:4,1281,0,0
BRDA:4,1281,1,0
BRDA:4,1282,0,0
BRDA:4,1282,1,0
BRDA:4,1283,0,0
BRDA:4,1283,1,0
BRDA:4,1284,0,0
BRDA:4,1284,1,0
BRDA:4,1285,0,0
BRDA:4,1285,1,0
BRDA:4,1286,0,0
BRDA:4,1286,1,0
BRDA:4,1287,0,0
BRDA:4,1287,1,0
BRDA:4,1288,0,0
BRDA:4,1288,1,0
BRDA:4,1289,0,0
BRDA:4,1289,1,0
BRDA:4,1290,0,0
BRDA:4,1290,1,0
BRDA:4,1291,0,0
BRDA:4,1291,1,0
BRDA:4,1292,0,0
BRDA:4,1292,1,0
BRDA:4,1293,0,0
BRDA:4,1293,1,0
BRDA:4,1294,0,0
BRDA:4,1294,1,0
BRDA:4,1295,0,0
BRDA:4,1295,1,0
BRDA:4,1296,0,0
BRDA:4,1296,1,0
BRDA:4,1297,0,0
BRDA:4,1297,1,0
BRDA:4,1298,0,0
BRDA:4,1298,1,0
BRDA:4,1299,0,0
BRDA:4,1299,1,0
BRDA:4,1300,0,0
BRDA:4,1300,1,0
BRDA:4,1301,0,0
BRDA:4,1301,1,0
BRDA:4,1302,0,0
BRDA:4,1302,1,0
BRDA:4,1303,0,0
BRDA:4,1303,1,0
BRDA:4,1304,0,0
BRDA:4,1304,1,0
BRDA:4,1305,0,0
BRDA:4,1305,1,0
BRDA:4,1305,2,0
BRDA:4,1306,0,0
BRDA:4,1306,1,0
BRDA:4,1306,2,0
BRDA:4,1307,0,0
BRDA:4,1307,1,0
BRDA:4,1308,0,0
BRDA:4,1308,1,0
BRDA:4,1309,0,0
BRDA:4,1309,1,0
BRDA:4,1310,0,0
BRDA:4,1310,1,0
BRDA:4,1311,0,0
BRDA:4,1311,1,0
BRDA:4,1312,0,0
BRDA:4,1312,1,0
BRDA:4,1313,0,0
BRDA:4,1313,1,0
BRDA:4,1314,0,0
BRDA:4,1314,1,0
BRDA:4,1315,0,0
BRDA:4,1315,1,0
BRDA:4,1316,0,0
BRDA:4,1316,1,0
BRDA:4,1317,0,0
BRDA:4,1317,1,0
BRDA:4,1318,0,0
BRDA:4,1318,1,0
BRDA:4,1319,0,0
BRDA:4,1319,1,0
BRDA:4,1320,0,0
BRDA:4,1320,1,0
BRDA:4,1321,0,0
BRDA:4,1321,1,0
BRDA:4,1322,0,0
BRDA:4,1322,1,0
BRDA:4,1323,0,0
BRDA:4,1323,1,0
BRDA:4,1324,0,0
BRDA:4,1324,1,0
BRDA:4,1325,0,0
BRDA:4,1325,1,0
BRDA:4,1326,0,0
BRDA:4,1326,1,0
BRDA:4,1327,0,0
BRDA:4,1327,1,0
BRDA:4,1328,0,0
BRDA:4,1328,1,0
BRDA:4,1329,0,0
BRDA:4,1329,1,0
BRDA:4,1330,0,0
BRDA:4,1330,1,0
BRDA:4,1331,0,0
BRDA:4,1331,1,0
BRDA:4,1332,0,0
BRDA:4,1332,1,0
BRDA:4,1333,0,0
BRDA:4,1333,1,0
BRDA:4,1334,0,0
BRDA:4,1334,1,0
BRDA:4,1335,0,0
BRDA:4,1335,1,0
BRDA:4,1336,0,0
BRDA:4,1336,1,0
BRDA:4,1337,0,0
BRDA:4,1337,1,0
BRDA:4,1338,0,0
BRDA:4,1338,1,0
BRDA:4,1339,0,0
BRDA:4,1339,1,0
BRDA:4,1340,0,0
BRDA:4,1340,1,0
BRDA:4,1341,0,0
BRDA:4,1341,1,0
BRDA:4,1342,0,0
BRDA:4,1342,1,0
BRDA:4,1343,0,0
BRDA:4,1343,1,0
BRDA:4,1344,0,0
BRDA:4,1344,1,0
BRDA:4,1345,0,0
BRDA:4,1345,1,0
BRDA:4,1346,0,0
BRDA:4,1346,1,0
BRDA:4,1347,0,0
BRDA:4,1347,1,0
BRDA:4,1348,0,0
BRDA:4,1348,1,0
BRDA:4,1349,0,0
BRDA:4,1349,1,0
BRDA:4,1350,0,0
BRDA:4,1350,1,0
BRDA:4,1350,2,0
BRDA:4,1351,0,0
BRDA:4,1351,1,0
BRDA:4,1352,0,0
BRDA:4,1352,1,0
BRDA:4,1353,0,0
BRDA:4,1353,1,0
BRDA:4,1354,0,0
BRDA:4,1354,1,0
BRDA:4,1355,0,0
BRDA:4,1355,1,0
BRDA:4,1356,0,0
BRDA:4,1356,1,0
BRDA:4,1357,0,0
BRDA:4,1357,1,0
BRDA:4,1358,0,0
BRDA:4,1358,1,0
BRDA:4,1359,0,0
BRDA:4,1359,1,0
BRDA:4,1360,0,0
BRDA:4,1360,1,0
BRDA:4,1361,0,0
BRDA:4,1361,1,0
BRDA:4,1362,0,0
BRDA:4,1362,1,0
BRDA:4,1363,0,0
BRDA:4,1363,1,0
BRDA:4,1364,0,0
BRDA:4,1364,1,0
BRDA:4,1365,0,0
BRDA:4,1365,1,0
BRDA:4,1366,0,0
BRDA:4,1366,1,0
BRDA:4,1367,0,0
BRDA:4,1367,1,0
BRDA:4,1368,0,0
BRDA:4,1368,1,0
BRDA:4,1369,0,0
BRDA:4,1369,1,0
BRDA:4,1370,0,0
BRDA:4,1370,1,0
BRDA:4,1371,0,0
BRDA:4,1371,1,0
BRDA:4,1371,2,0
BRDA:4,1372,0,0
BRDA:4,1372,1,0
BRDA:4,1373,0,0
BRDA:4,1373,1,0
BRDA:4,1374,0,0
BRDA:4,1374,1,0
BRDA:4,1375,0,0
BRDA:4,1375,1,0
BRDA:4,1376,0,0
BRDA:4,1376,1,0
BRDA:4,1377,0,0
BRDA:4,1377,1,0
BRDA:4,1378,0,0
BRDA:4,1378,1,0
BRDA:4,1379,0,0
BRDA:4,1379,1,0
BRDA:4,1380,0,0
BRDA:4,1380,1,0
BRDA:4,1380,2,0
BRDA:4,1381,0,0
BRDA:4,1381,1,0
BRDA:4,1381,2,0
BRDA:4,1382,0,0
BRDA:4,1382,1,0
BRDA:4,1383,0,0
BRDA:4,1383,1,0
BRDA:4,1384,0,0
BRDA:4,1384,1,0
BRDA:4,1385,0,0
BRDA:4,1385,1,0
BRDA:4,1386,0,0
BRDA:4,1386,1,0
BRDA:4,1387,0,0
BRDA:4,1387,1,0
BRDA:4,1388,0,0
BRDA:4,1388,1,0
BRDA:4,1389,0,0
BRDA:4,1389,1,0
BRDA:4,1390,0,0
BRDA:4,1390,1,0
BRDA:4,1391,0,0
BRDA:4,1391,1,0
BRDA:4,1392,0,0
BRDA:4,1392,1,0
BRDA:4,1393,0,0
BRDA:4,1393,1,0
BRDA:4,1394,0,0
BRDA:4,1394,1,0
BRDA:4,1395,0,0
BRDA:4,1395,1,0
BRDA:4,1396,0,0
BRDA:4,1396,1,0
BRDA:4,1397,0,0
BRDA:4,1397,1,0
BRDA:4,1398,0,0
BRDA:4,1398,1,0
BRDA:4,1399,0,0
BRDA:4,1399,1,0
BRDA:4,1400,0,0
BRDA:4,1400,1,0
BRDA:4,1401,0,0
BRDA:4,1401,1,0
BRDA:4,1402,0,0
BRDA:4,1402,1,0
BRDA:4,1403,0,0
BRDA:4,1403,1,0
BRDA:4,1404,0,0
BRDA:4,1404,1,0
BRDA:4,1405,0,0
BRDA:4,1405,1,0
BRDA:4,1406,0,0
BRDA:4,1406,1,0
BRDA:4,1407,0,0
BRDA:4,1407,1,0
BRDA:4,1408,0,0
BRDA:4,1408,1,0
BRDA:4,1409,0,0
BRDA:4,1409,1,0
BRDA:4,1410,0,0
BRDA:4,1410,1,0
BRDA:4,1411,0,0
BRDA:4,1411,1,0
BRDA:4,1412,0,0
BRDA:4,1412,1,0
BRDA:4,1413,0,0
BRDA:4,1413,1,0
BRDA:4,1414,0,0
BRDA:4,1414,1,0
BRDA:4,1415,0,0
BRDA:4,1415,1,0
BRDA:4,1416,0,0
BRDA:4,1416,1,0
BRDA:4,1417,0,0
BRDA:4,1417,1,0
BRDA:4,1418,0,0
BRDA:4,1418,1,0
BRDA:4,1419,0,0
BRDA:4,1419,1,0
BRDA:5,1420,0,0
BRDA:5,1420,1,0
BRDA:5,1421,0,0
BRDA:5,1421,1,0
BRDA:5,1422,0,0
BRDA:5,1422,1,0
BRDA:5,1423,0,0
BRDA:5,1423,1,0
BRDA:5,1424,0,0
BRDA:5,1424,1,0
BRDA:5,1425,0,0
BRDA:5,1425,1,0
BRDA:5,1426,0,0
BRDA:5,1426,1,0
BRDA:5,1427,0,0
BRDA:5,1427,1,0
BRDA:5,1428,0,0
BRDA:5,1428,1,0
BRDA:5,1429,0,0
BRDA:5,1429,1,0
BRDA:5,1430,0,0
BRDA:5,1430,1,0
BRDA:5,1431,0,0
BRDA:5,1431,1,0
BRDA:5,1432,0,0
BRDA:5,1432,1,0
BRDA:5,1433,0,0
BRDA:5,1433,1,0
BRDA:5,1434,0,0
BRDA:5,1434,1,0
BRDA:5,1435,0,0
BRDA:5,1435,1,0
BRDA:5,1436,0,0
BRDA:5,1436,1,0
BRDA:5,1437,0,0
BRDA:5,1437,1,0
BRDA:5,1438,0,0
BRDA:5,1438,1,0
BRDA:5,1439,0,0
BRDA:5,1439,1,0
BRDA:5,1440,0,0
BRDA:5,1440,1,0
BRDA:5,1441,0,0
BRDA:5,1441,1,0
BRDA:5,1442,0,0
BRDA:5,1442,1,0
BRDA:5,1443,0,0
BRDA:5,1443,1,0
BRDA:5,1444,0,0
BRDA:5,1444,1,0
BRDA:5,1445,0,0
BRDA:5,1445,1,0
BRDA:5,1446,0,0
BRDA:5,1446,1,0
BRDA:5,1447,0,0
BRDA:5,1447,1,0
BRDA:5,1448,0,0
BRDA:5,1448,1,0
BRDA:5,1449,0,0
BRDA:5,1449,1,0
BRDA:5,1450,0,0
BRDA:5,1450,1,0
BRDA:5,1451,0,0
BRDA:5,1451,1,0
BRDA:5,1452,0,0
BRDA:5,1452,1,0
BRDA:5,1453,0,0
BRDA:5,1453,1,0
BRDA:5,1454,0,0
BRDA:5,1454,1,0
BRDA:5,1455,0,0
BRDA:5,1455,1,0
BRDA:5,1456,0,0
BRDA:5,1456,1,0
BRDA:5,1457,0,0
BRDA:5,1457,1,0
BRDA:5,1458,0,0
BRDA:5,1458,1,0
BRDA:5,1459,0,0
BRDA:5,1459,1,0
BRDA:5,1460,0,0
BRDA:5,1460,1,0
BRDA:5,1461,0,0
BRDA:5,1461,1,0
BRDA:5,1462,0,0
BRDA:5,1462,1,0
BRDA:5,1463,0,0
BRDA:5,1463,1,0
BRDA:5,1464,0,0
BRDA:5,1464,1,0
BRDA:5,1465,0,0
BRDA:5,1465,1,0
BRDA:5,1466,0,0
BRDA:5,1466,1,0
BRDA:5,1467,0,0
BRDA:5,1467,1,0
BRDA:5,1468,0,0
BRDA:5,1468,1,0
BRDA:5,1469,0,0
BRDA:5,1469,1,0
BRDA:5,1470,0,0
BRDA:5,1470,1,0
BRDA:5,1471,0,0
BRDA:5,1471,1,0
BRDA:5,1472,0,0
BRDA:5,1472,1,0
BRDA:5,1473,0,0
BRDA:5,1473,1,0
BRDA:5,1474,0,0
BRDA:5,1474,1,0
BRDA:5,1475,0,0
BRDA:5,1475,1,0
BRDA:5,1476,0,0
BRDA:5,1476,1,0
BRDA:5,1477,0,0
BRDA:5,1477,1,0
BRDA:5,1478,0,0
BRDA:5,1478,1,0
BRDA:5,1479,0,0
BRDA:5,1479,1,0
BRDA:5,1480,0,0
BRDA:5,1480,1,0
BRDA:5,1481,0,0
BRDA:5,1481,1,0
BRDA:5,1482,0,0
BRDA:5,1482,1,0
BRDA:5,1483,0,0
BRDA:5,1483,1,0
BRDA:5,1484,0,0
BRDA:5,1484,1,0
BRDA:5,1485,0,0
BRDA:5,1485,1,0
BRDA:5,1486,0,0
BRDA:5,1486,1,0
BRDA:5,1487,0,0
BRDA:5,1487,1,0
BRDA:5,1488,0,0
BRDA:5,1488,1,0
BRDA:5,1489,0,0
BRDA:5,1489,1,0
BRDA:5,1490,0,0
BRDA:5,1490,1,0
BRDA:5,1491,0,0
BRDA:5,1491,1,0
BRDA:5,1492,0,0
BRDA:5,1492,1,0
BRDA:5,1493,0,0
BRDA:5,1493,1,0
BRDA:5,1494,0,0
BRDA:5,1494,1,0
BRDA:5,1495,0,0
BRDA:5,1495,1,0
BRDA:5,1496,0,0
BRDA:5,1496,1,0
BRDA:5,1497,0,0
BRDA:5,1497,1,0
BRDA:5,1498,0,0
BRDA:5,1498,1,0
BRDA:5,1499,0,0
BRDA:5,1499,1,0
BRDA:5,1500,0,0
BRDA:5,1500,1,0
BRDA:5,1501,0,0
BRDA:5,1501,1,0
BRDA:5,1502,0,0
BRDA:5,1502,1,0
BRDA:5,1503,0,0
BRDA:5,1503,1,0
BRDA:5,1504,0,0
BRDA:5,1504,1,0
BRDA:5,1505,0,0
BRDA:5,1505,1,0
BRDA:5,1506,0,0
BRDA:5,1506,1,0
BRDA:5,1507,0,0
BRDA:5,1507,1,0
BRDA:5,1508,0,0
BRDA:5,1508,1,0
BRDA:5,1508,2,0
BRDA:5,1509,0,0
BRDA:5,1509,1,0
BRDA:5,1510,0,0
BRDA:5,1510,1,0
BRDA:5,1511,0,0
BRDA:5,1511,1,0
BRDA:5,1512,0,0
BRDA:5,1512,1,0
BRDA:5,1513,0,0
BRDA:5,1513,1,0
BRDA:5,1514,0,0
BRDA:5,1514,1,0
BRDA:5,1515,0,0
BRDA:5,1515,1,0
BRDA:5,1516,0,0
BRDA:5,1516,1,0
BRDA:5,1517,0,0
BRDA:5,1517,1,0
BRDA:5,1518,0,0
BRDA:5,1518,1,0
BRDA:5,1519,0,0
BRDA:5,1519,1,0
BRDA:5,1520,0,0
BRDA:5,1520,1,0
BRDA:5,1521,0,0
BRDA:5,1521,1,0
BRDA:5,1522,0,0
BRDA:5,1522,1,0
BRDA:5,1523,0,0
BRDA:5,1523,1,0
BRDA:5,1524,0,0
BRDA:5,1524,1,0
BRDA:5,1525,0,0
BRDA:5,1525,1,0
BRDA:5,1526,0,0
BRDA:5,1526,1,0
BRDA:5,1527,0,0
BRDA:5,1527,1,0
BRDA:5,1528,0,0
BRDA:5,1528,1,0
BRDA:5,1528,2,0
BRDA:5,1529,0,0
BRDA:5,1529,1,0
BRDA:5,1530,0,0
BRDA:5,1530,1,0
BRDA:5,1531,0,0
BRDA:5,1531,1,0
BRDA:5,1532,0,0
BRDA:5,1532,1,0
BRDA:5,1533,0,0
BRDA:5,1533,1,0
BRDA:5,1534,0,0
BRDA:5,1534,1,0
BRDA:5,1535,0,0
BRDA:5,1535,1,0
BRDA:5,1536,0,0
BRDA:5,1536,1,0
BRDA:5,1537,0,0
BRDA:5,1537,1,0
BRDA:5,1538,0,0
BRDA:5,1538,1,0
BRDA:5,1539,0,0
BRDA:5,1539,1,0
BRDA:5,1540,0,0
BRDA:5,1540,1,0
BRDA:5,1541,0,0
BRDA:5,1541,1,0
BRDA:5,1542,0,0
BRDA:5,1542,1,0
BRDA:5,1543,0,0
BRDA:5,1543,1,0
BRDA:5,1544,0,0
BRDA:5,1544,1,0
BRDA:5,1545,0,0
BRDA:5,1545,1,0
BRDA:5,1546,0,0
BRDA:5,1546,1,0
BRDA:5,1547,0,0
BRDA:5,1547,1,0
BRDA:5,1548,0,0
BRDA:5,1548,1,0
BRDA:5,1549,0,0
BRDA:5,1549,1,0
BRDA:5,1550,0,0
BRDA:5,1550,1,0
BRDA:5,1551,0,0
BRDA:5,1551,1,0
BRDA:5,1552,0,0
BRDA:5,1552,1,0
BRDA:5,1553,0,0
BRDA:5,1553,1,0
BRDA:5,1554,0,0
BRDA:5,1554,1,0
BRDA:5,1555,0,0
BRDA:5,1555,1,0
BRDA:5,1556,0,0
BRDA:5,1556,1,0
BRDA:5,1557,0,0
BRDA:5,1557,1,0
BRDA:5,1558,0,0
BRDA:5,1558,1,0
BRDA:5,1559,0,0
BRDA:5,1559,1,0
BRDA:5,1560,0,0
BRDA:5,1560,1,0
BRDA:5,1561,0,0
BRDA:5,1561,1,0
BRDA:5,1562,0,0
BRDA:5,1562,1,0
BRDA:5,1563,0,0
BRDA:5,1563,1,0
BRDA:5,1564,0,0
BRDA:5,1564,1,0
BRDA:5,1565,0,0
BRDA:5,1565,1,0
BRDA:5,1566,0,0
BRDA:5,1566,1,0
BRDA:5,1567,0,0
BRDA:5,1567,1,0
BRDA:5,1568,0,0
BRDA:5,1568,1,0
BRDA:5,1569,0,0
BRDA:5,1569,1,0
BRDA:5,1569,2,0
BRDA:5,1570,0,0
BRDA:5,1570,1,0
BRDA:5,1571,0,0
BRDA:5,1571,1,0
BRDA:5,1572,0,0
BRDA:5,1572,1,0
BRDA:5,1573,0,0
BRDA:5,1573,1,0
BRDA:5,1574,0,0
BRDA:5,1574,1,0
BRDA:5,1574,2,0
BRDA:5,1575,0,0
BRDA:5,1575,1,0
BRDA:5,1575,2,0
BRDA:5,1576,0,0
BRDA:5,1576,1,0
BRDA:5,1577,0,0
BRDA:5,1577,1,0
BRDA:5,1578,0,0
BRDA:5,1578,1,0
BRDA:5,1579,0,0
BRDA:5,1579,1,0
BRDA:5,1580,0,0
BRDA:5,1580,1,0
BRDA:5,1581,0,0
BRDA:5,1581,1,0
BRDA:5,1582,0,0
BRDA:5,1582,1,0
BRDA:5,1583,0,0
BRDA:5,1583,1,0
BRDA:5,1584,0,0
BRDA:5,1584,1,0
BRDA:5,1585,0,0
BRDA:5,1585,1,0
BRDA:5,1586,0,0
BRDA:5,1586,1,0
BRDA:5,1587,0,0
BRDA:5,1587,1,0
BRDA:5,1588,0,0
BRDA:5,1588,1,0
BRDA:5,1589,0,0
BRDA:5,1589,1,0
BRDA:5,1590,0,0
BRDA:5,1590,1,0
BRDA:5,1591,0,0
BRDA:5,1591,1,0
BRDA:5,1592,0,0
BRDA:5,1592,1,0
BRDA:5,1593,0,0
BRDA:5,1593,1,0
BRDA:5,1594,0,0
BRDA:5,1594,1,0
BRDA:5,1595,0,0
BRDA:5,1595,1,0
BRDA:5,1596,0,0
BRDA:5,1596,1,0
BRDA:5,1597,0,0
BRDA:5,1597,1,0
BRDA:5,1598,0,0
BRDA:5,1598,1,0
BRDA:5,1599,0,0
BRDA:5,1599,1,0
BRDA:5,1600,0,0
BRDA:5,1600,1,0
BRDA:5,1601,0,0
BRDA:5,1601,1,0
BRDA:5,1602,0,0
BRDA:5,1602,1,0
BRDA:5,1603,0,0
BRDA:5,1603,1,0
BRDA:5,1604,0,0
BRDA:5,1604,1,0
BRDA:5,1605,0,0
BRDA:5,1605,1,0
BRDA:5,1606,0,0
BRDA:5,1606,1,0
BRDA:5,1607,0,0
BRDA:5,1607,1,0
BRDA:5,1608,0,0
BRDA:5,1608,1,0
BRDA:5,1609,0,0
BRDA:5,1609,1,0
BRDA:5,1610,0,0
BRDA:5,1610,1,0
BRDA:5,1611,0,0
BRDA:5,1611,1,0
BRDA:5,1612,0,0
BRDA:5,1612,1,0
BRDA:5,1613,0,0
BRDA:5,1613,1,0
BRDA:5,1613,2,0
BRDA:5,1614,0,0
BRDA:5,1614,1,0
BRDA:5,1615,0,0
BRDA:5,1615,1,0
BRDA:5,1616,0,0
BRDA:5,1616,1,0
BRDA:5,1617,0,0
BRDA:5,1617,1,0
BRDA:5,1618,0,0
BRDA:5,1618,1,0
BRDA:5,1618,2,0
BRDA:5,1619,0,0
BRDA:5,1619,1,0
BRDA:5,1620,0,0
BRDA:5,1620,1,0
BRDA:5,1621,0,0
BRDA:5,1621,1,0
BRDA:5,1622,0,0
BRDA:5,1622,1,0
BRDA:5,1623,0,0
BRDA:5,1623,1,0
BRDA:5,1624,0,0
BRDA:5,1624,1,0
BRDA:5,1625,0,0
BRDA:5,1625,1,0
BRDA:5,1626,0,0
BRDA:5,1626,1,0
BRDA:5,1627,0,0
BRDA:5,1627,1,0
BRDA:5,1628,0,0
BRDA:5,1628,1,0
BRDA:5,1629,0,0
BRDA:5,1629,1,0
BRDA:5,1630,0,0
BRDA:5,1630,1,0
BRDA:5,1631,0,0
BRDA:5,1631,1,0
BRDA:5,1632,0,0
BRDA:5,1632,1,0
BRDA:5,1632,2,0
BRDA:5,1632,3,0
BRDA:5,1633,0,0
BRDA:5,1633,1,0
BRDA:5,1634,0,0
BRDA:5,1634,1,0
BRDA:5,1635,0,0
BRDA:5,1635,1,0
BRDA:5,1636,0,0
BRDA:5,1636,1,0
BRDA:5,1637,0,0
BRDA:5,1637,1,0
BRDA:5,1638,0,0
BRDA:5,1638,1,0
BRDA:5,1639,0,0
BRDA:5,1639,1,0
BRDA:5,1640,0,0
BRDA:5,1640,1,0
BRDA:5,1641,0,0
BRDA:5,1641,1,0
BRF:3412
BRH:0
end_of_record
TN:
SF:c:\Users\HP\Development\freelance\radio-app-concept\app\build\outputs\dexcount\releaseChart\data.js
FNF:0
FNH:0
DA:1,0
LF:1
LH:0
BRF:0
BRH:0
end_of_record
